[2m2025-01-20 20:52:28.195[0;39m [[31mERROR[0;39m] [35m10358[0;39m [2m[nio-8080-exec-5 ][0;39m [31mfreemarker.runtime[0;39m:60 [2m:[0;39m Error executing FreeMarker template

freemarker.core._MiscTemplateException: Instantiating freemarker.template.utility.Execute is not allowed in the template for security reasons.

----
FTL stack trace ("~" means nesting-related):
	- Failed at: #assign value = "freemarker.template...  [in template "ms:custom:search.htm" at line 10, column 5]
----
	at freemarker.core._MessageUtil.newInstantiatingClassNotAllowedException(_MessageUtil.java:302) ~[freemarker-2.3.31.jar:2.3.31]
	at freemarker.core.TemplateClassResolver$3.resolve(TemplateClassResolver.java:90) ~[freemarker-2.3.31.jar:2.3.31]
	at freemarker.core.NewBI$ConstructorFunction.<init>(NewBI.java:61) ~[freemarker-2.3.31.jar:2.3.31]
	at freemarker.core.NewBI._eval(NewBI.java:51) ~[freemarker-2.3.31.jar:2.3.31]
	at freemarker.core.Expression.eval(Expression.java:101) ~[freemarker-2.3.31.jar:2.3.31]
	at freemarker.core.MethodCall._eval(MethodCall.java:55) ~[freemarker-2.3.31.jar:2.3.31]
	at freemarker.core.Expression.eval(Expression.java:101) ~[freemarker-2.3.31.jar:2.3.31]
	at freemarker.core.Assignment.accept(Assignment.java:134) ~[freemarker-2.3.31.jar:2.3.31]
	at freemarker.core.Environment.visit(Environment.java:347) ~[freemarker-2.3.31.jar:2.3.31]
	at freemarker.core.Environment.visit(Environment.java:353) ~[freemarker-2.3.31.jar:2.3.31]
	at freemarker.core.Environment.process(Environment.java:326) ~[freemarker-2.3.31.jar:2.3.31]
	at freemarker.template.Template.process(Template.java:383) ~[freemarker-2.3.31.jar:2.3.31]
	at net.mingsoft.mdiy.util.ParserUtil.rendering(ParserUtil.java:409) ~[ms-mdiy-2.1.14.1.jar:2.1.14.1]
	at net.mingsoft.cms.action.web.MCmsAction.search(MCmsAction.java:299) ~[classes/:?]
	at sun.reflect.NativeMethodAccessorImpl.invoke0(Native Method) ~[?:1.8.0_65]
	at sun.reflect.NativeMethodAccessorImpl.invoke(NativeMethodAccessorImpl.java:62) ~[?:1.8.0_65]
	at sun.reflect.DelegatingMethodAccessorImpl.invoke(DelegatingMethodAccessorImpl.java:43) ~[?:1.8.0_65]
	at java.lang.reflect.Method.invoke(Method.java:497) ~[?:1.8.0_65]
	at org.springframework.web.method.support.InvocableHandlerMethod.doInvoke(InvocableHandlerMethod.java:190) ~[spring-web-5.2.15.RELEASE.jar:5.2.15.RELEASE]
	at org.springframework.web.method.support.InvocableHandlerMethod.invokeForRequest(InvocableHandlerMethod.java:138) ~[spring-web-5.2.15.RELEASE.jar:5.2.15.RELEASE]
	at org.springframework.web.servlet.mvc.method.annotation.ServletInvocableHandlerMethod.invokeAndHandle(ServletInvocableHandlerMethod.java:105) ~[spring-webmvc-5.2.15.RELEASE.jar:5.2.15.RELEASE]
	at org.springframework.web.servlet.mvc.method.annotation.RequestMappingHandlerAdapter.invokeHandlerMethod(RequestMappingHandlerAdapter.java:878) ~[spring-webmvc-5.2.15.RELEASE.jar:5.2.15.RELEASE]
	at org.springframework.web.servlet.mvc.method.annotation.RequestMappingHandlerAdapter.handleInternal(RequestMappingHandlerAdapter.java:792) ~[spring-webmvc-5.2.15.RELEASE.jar:5.2.15.RELEASE]
	at org.springframework.web.servlet.mvc.method.AbstractHandlerMethodAdapter.handle(AbstractHandlerMethodAdapter.java:87) ~[spring-webmvc-5.2.15.RELEASE.jar:5.2.15.RELEASE]
	at org.springframework.web.servlet.DispatcherServlet.doDispatch(DispatcherServlet.java:1040) ~[spring-webmvc-5.2.15.RELEASE.jar:5.2.15.RELEASE]
	at org.springframework.web.servlet.DispatcherServlet.doService(DispatcherServlet.java:943) ~[spring-webmvc-5.2.15.RELEASE.jar:5.2.15.RELEASE]
	at org.springframework.web.servlet.FrameworkServlet.processRequest(FrameworkServlet.java:1006) ~[spring-webmvc-5.2.15.RELEASE.jar:5.2.15.RELEASE]
	at org.springframework.web.servlet.FrameworkServlet.doGet(FrameworkServlet.java:898) ~[spring-webmvc-5.2.15.RELEASE.jar:5.2.15.RELEASE]
	at javax.servlet.http.HttpServlet.service(HttpServlet.java:645) ~[javax.servlet-api-4.0.1.jar:4.0.1]
	at org.springframework.web.servlet.FrameworkServlet.service(FrameworkServlet.java:883) ~[spring-webmvc-5.2.15.RELEASE.jar:5.2.15.RELEASE]
	at javax.servlet.http.HttpServlet.service(HttpServlet.java:750) ~[javax.servlet-api-4.0.1.jar:4.0.1]
	at org.apache.catalina.core.ApplicationFilterChain.internalDoFilter(ApplicationFilterChain.java:227) ~[tomcat-embed-core-9.0.46.jar:9.0.46]
	at org.apache.catalina.core.ApplicationFilterChain.doFilter(ApplicationFilterChain.java:162) ~[tomcat-embed-core-9.0.46.jar:9.0.46]
	at org.apache.tomcat.websocket.server.WsFilter.doFilter(WsFilter.java:53) ~[tomcat-embed-websocket-9.0.46.jar:9.0.46]
	at org.apache.catalina.core.ApplicationFilterChain.internalDoFilter(ApplicationFilterChain.java:189) ~[tomcat-embed-core-9.0.46.jar:9.0.46]
	at org.apache.catalina.core.ApplicationFilterChain.doFilter(ApplicationFilterChain.java:162) ~[tomcat-embed-core-9.0.46.jar:9.0.46]
	at org.apache.shiro.web.servlet.ProxiedFilterChain.doFilter(ProxiedFilterChain.java:61) ~[shiro-all-1.9.1.jar:?]
	at org.apache.shiro.web.servlet.AdviceFilter.executeChain(AdviceFilter.java:108) ~[shiro-all-1.9.1.jar:?]
	at org.apache.shiro.web.servlet.AdviceFilter.doFilterInternal(AdviceFilter.java:137) ~[shiro-all-1.9.1.jar:?]
	at org.apache.shiro.web.servlet.OncePerRequestFilter.doFilter(OncePerRequestFilter.java:125) ~[shiro-all-1.9.1.jar:?]
	at org.apache.shiro.web.servlet.ProxiedFilterChain.doFilter(ProxiedFilterChain.java:66) ~[shiro-all-1.9.1.jar:?]
	at org.apache.shiro.web.servlet.AbstractShiroFilter.executeChain(AbstractShiroFilter.java:450) ~[shiro-all-1.9.1.jar:?]
	at org.apache.shiro.web.servlet.AbstractShiroFilter$1.call(AbstractShiroFilter.java:365) ~[shiro-all-1.9.1.jar:?]
	at org.apache.shiro.subject.support.SubjectCallable.doCall(SubjectCallable.java:90) ~[shiro-all-1.9.1.jar:?]
	at org.apache.shiro.subject.support.SubjectCallable.call(SubjectCallable.java:83) ~[shiro-all-1.9.1.jar:?]
	at org.apache.shiro.subject.support.DelegatingSubject.execute(DelegatingSubject.java:387) ~[shiro-all-1.9.1.jar:?]
	at org.apache.shiro.web.servlet.AbstractShiroFilter.doFilterInternal(AbstractShiroFilter.java:362) ~[shiro-all-1.9.1.jar:?]
	at org.apache.shiro.web.servlet.OncePerRequestFilter.doFilter(OncePerRequestFilter.java:125) ~[shiro-all-1.9.1.jar:?]
	at org.apache.catalina.core.ApplicationFilterChain.internalDoFilter(ApplicationFilterChain.java:189) ~[tomcat-embed-core-9.0.46.jar:9.0.46]
	at org.apache.catalina.core.ApplicationFilterChain.doFilter(ApplicationFilterChain.java:162) ~[tomcat-embed-core-9.0.46.jar:9.0.46]
	at org.springframework.web.filter.RequestContextFilter.doFilterInternal(RequestContextFilter.java:100) ~[spring-web-5.2.15.RELEASE.jar:5.2.15.RELEASE]
	at org.springframework.web.filter.OncePerRequestFilter.doFilter(OncePerRequestFilter.java:119) ~[spring-web-5.2.15.RELEASE.jar:5.2.15.RELEASE]
	at org.apache.catalina.core.ApplicationFilterChain.internalDoFilter(ApplicationFilterChain.java:189) ~[tomcat-embed-core-9.0.46.jar:9.0.46]
	at org.apache.catalina.core.ApplicationFilterChain.doFilter(ApplicationFilterChain.java:162) ~[tomcat-embed-core-9.0.46.jar:9.0.46]
	at org.springframework.web.filter.FormContentFilter.doFilterInternal(FormContentFilter.java:93) ~[spring-web-5.2.15.RELEASE.jar:5.2.15.RELEASE]
	at org.springframework.web.filter.OncePerRequestFilter.doFilter(OncePerRequestFilter.java:119) ~[spring-web-5.2.15.RELEASE.jar:5.2.15.RELEASE]
	at org.apache.catalina.core.ApplicationFilterChain.internalDoFilter(ApplicationFilterChain.java:189) ~[tomcat-embed-core-9.0.46.jar:9.0.46]
	at org.apache.catalina.core.ApplicationFilterChain.doFilter(ApplicationFilterChain.java:162) ~[tomcat-embed-core-9.0.46.jar:9.0.46]
	at org.springframework.boot.actuate.metrics.web.servlet.WebMvcMetricsFilter.doFilterInternal(WebMvcMetricsFilter.java:97) ~[spring-boot-actuator-2.3.12.RELEASE.jar:2.3.12.RELEASE]
	at org.springframework.web.filter.OncePerRequestFilter.doFilter(OncePerRequestFilter.java:119) ~[spring-web-5.2.15.RELEASE.jar:5.2.15.RELEASE]
	at org.apache.catalina.core.ApplicationFilterChain.internalDoFilter(ApplicationFilterChain.java:189) ~[tomcat-embed-core-9.0.46.jar:9.0.46]
	at org.apache.catalina.core.ApplicationFilterChain.doFilter(ApplicationFilterChain.java:162) ~[tomcat-embed-core-9.0.46.jar:9.0.46]
	at org.springframework.web.filter.CharacterEncodingFilter.doFilterInternal(CharacterEncodingFilter.java:201) ~[spring-web-5.2.15.RELEASE.jar:5.2.15.RELEASE]
	at org.springframework.web.filter.OncePerRequestFilter.doFilter(OncePerRequestFilter.java:119) ~[spring-web-5.2.15.RELEASE.jar:5.2.15.RELEASE]
	at org.apache.catalina.core.ApplicationFilterChain.internalDoFilter(ApplicationFilterChain.java:189) ~[tomcat-embed-core-9.0.46.jar:9.0.46]
	at org.apache.catalina.core.ApplicationFilterChain.doFilter(ApplicationFilterChain.java:162) ~[tomcat-embed-core-9.0.46.jar:9.0.46]
	at net.mingsoft.basic.filter.XSSEscapeFilter.doFilter(XSSEscapeFilter.java:58) ~[ms-basic-2.1.14.1.jar:2.1.14.1]
	at org.apache.catalina.core.ApplicationFilterChain.internalDoFilter(ApplicationFilterChain.java:189) ~[tomcat-embed-core-9.0.46.jar:9.0.46]
	at org.apache.catalina.core.ApplicationFilterChain.doFilter(ApplicationFilterChain.java:162) ~[tomcat-embed-core-9.0.46.jar:9.0.46]
	at org.apache.catalina.core.StandardWrapperValve.invoke(StandardWrapperValve.java:202) ~[tomcat-embed-core-9.0.46.jar:9.0.46]
	at org.apache.catalina.core.StandardContextValve.invoke(StandardContextValve.java:97) ~[tomcat-embed-core-9.0.46.jar:9.0.46]
	at org.apache.catalina.authenticator.AuthenticatorBase.invoke(AuthenticatorBase.java:542) ~[tomcat-embed-core-9.0.46.jar:9.0.46]
	at org.apache.catalina.core.StandardHostValve.invoke(StandardHostValve.java:143) ~[tomcat-embed-core-9.0.46.jar:9.0.46]
	at org.apache.catalina.valves.ErrorReportValve.invoke(ErrorReportValve.java:92) ~[tomcat-embed-core-9.0.46.jar:9.0.46]
	at org.apache.catalina.core.StandardEngineValve.invoke(StandardEngineValve.java:78) ~[tomcat-embed-core-9.0.46.jar:9.0.46]
	at org.apache.catalina.connector.CoyoteAdapter.service(CoyoteAdapter.java:357) ~[tomcat-embed-core-9.0.46.jar:9.0.46]
	at org.apache.coyote.http11.Http11Processor.service(Http11Processor.java:374) ~[tomcat-embed-core-9.0.46.jar:9.0.46]
	at org.apache.coyote.AbstractProcessorLight.process(AbstractProcessorLight.java:65) ~[tomcat-embed-core-9.0.46.jar:9.0.46]
	at org.apache.coyote.AbstractProtocol$ConnectionHandler.process(AbstractProtocol.java:893) ~[tomcat-embed-core-9.0.46.jar:9.0.46]
	at org.apache.tomcat.util.net.NioEndpoint$SocketProcessor.doRun(NioEndpoint.java:1707) ~[tomcat-embed-core-9.0.46.jar:9.0.46]
	at org.apache.tomcat.util.net.SocketProcessorBase.run(SocketProcessorBase.java:49) ~[tomcat-embed-core-9.0.46.jar:9.0.46]
	at java.util.concurrent.ThreadPoolExecutor.runWorker(ThreadPoolExecutor.java:1142) ~[?:1.8.0_65]
	at java.util.concurrent.ThreadPoolExecutor$Worker.run(ThreadPoolExecutor.java:617) ~[?:1.8.0_65]
	at org.apache.tomcat.util.threads.TaskThread$WrappingRunnable.run(TaskThread.java:61) ~[tomcat-embed-core-9.0.46.jar:9.0.46]
	at java.lang.Thread.run(Thread.java:745) ~[?:1.8.0_65]

[2m2025-01-20 20:52:28.256[0;39m [[31mERROR[0;39m] [35m10358[0;39m [2m[nio-8080-exec-5 ][0;39m [31mnet.mingsoft.mdiy.util.ParserUtil[0;39m:412 [2m:[0;39m 渲染错误

freemarker.core._MiscTemplateException: Instantiating freemarker.template.utility.Execute is not allowed in the template for security reasons.

----
FTL stack trace ("~" means nesting-related):
	- Failed at: #assign value = "freemarker.template...  [in template "ms:custom:search.htm" at line 10, column 5]
----
	at freemarker.core._MessageUtil.newInstantiatingClassNotAllowedException(_MessageUtil.java:302) ~[freemarker-2.3.31.jar:2.3.31]
	at freemarker.core.TemplateClassResolver$3.resolve(TemplateClassResolver.java:90) ~[freemarker-2.3.31.jar:2.3.31]
	at freemarker.core.NewBI$ConstructorFunction.<init>(NewBI.java:61) ~[freemarker-2.3.31.jar:2.3.31]
	at freemarker.core.NewBI._eval(NewBI.java:51) ~[freemarker-2.3.31.jar:2.3.31]
	at freemarker.core.Expression.eval(Expression.java:101) ~[freemarker-2.3.31.jar:2.3.31]
	at freemarker.core.MethodCall._eval(MethodCall.java:55) ~[freemarker-2.3.31.jar:2.3.31]
	at freemarker.core.Expression.eval(Expression.java:101) ~[freemarker-2.3.31.jar:2.3.31]
	at freemarker.core.Assignment.accept(Assignment.java:134) ~[freemarker-2.3.31.jar:2.3.31]
	at freemarker.core.Environment.visit(Environment.java:347) ~[freemarker-2.3.31.jar:2.3.31]
	at freemarker.core.Environment.visit(Environment.java:353) ~[freemarker-2.3.31.jar:2.3.31]
	at freemarker.core.Environment.process(Environment.java:326) ~[freemarker-2.3.31.jar:2.3.31]
	at freemarker.template.Template.process(Template.java:383) ~[freemarker-2.3.31.jar:2.3.31]
	at net.mingsoft.mdiy.util.ParserUtil.rendering(ParserUtil.java:409) ~[ms-mdiy-2.1.14.1.jar:2.1.14.1]
	at net.mingsoft.cms.action.web.MCmsAction.search(MCmsAction.java:299) ~[classes/:?]
	at sun.reflect.NativeMethodAccessorImpl.invoke0(Native Method) ~[?:1.8.0_65]
	at sun.reflect.NativeMethodAccessorImpl.invoke(NativeMethodAccessorImpl.java:62) ~[?:1.8.0_65]
	at sun.reflect.DelegatingMethodAccessorImpl.invoke(DelegatingMethodAccessorImpl.java:43) ~[?:1.8.0_65]
	at java.lang.reflect.Method.invoke(Method.java:497) ~[?:1.8.0_65]
	at org.springframework.web.method.support.InvocableHandlerMethod.doInvoke(InvocableHandlerMethod.java:190) ~[spring-web-5.2.15.RELEASE.jar:5.2.15.RELEASE]
	at org.springframework.web.method.support.InvocableHandlerMethod.invokeForRequest(InvocableHandlerMethod.java:138) ~[spring-web-5.2.15.RELEASE.jar:5.2.15.RELEASE]
	at org.springframework.web.servlet.mvc.method.annotation.ServletInvocableHandlerMethod.invokeAndHandle(ServletInvocableHandlerMethod.java:105) ~[spring-webmvc-5.2.15.RELEASE.jar:5.2.15.RELEASE]
	at org.springframework.web.servlet.mvc.method.annotation.RequestMappingHandlerAdapter.invokeHandlerMethod(RequestMappingHandlerAdapter.java:878) ~[spring-webmvc-5.2.15.RELEASE.jar:5.2.15.RELEASE]
	at org.springframework.web.servlet.mvc.method.annotation.RequestMappingHandlerAdapter.handleInternal(RequestMappingHandlerAdapter.java:792) ~[spring-webmvc-5.2.15.RELEASE.jar:5.2.15.RELEASE]
	at org.springframework.web.servlet.mvc.method.AbstractHandlerMethodAdapter.handle(AbstractHandlerMethodAdapter.java:87) ~[spring-webmvc-5.2.15.RELEASE.jar:5.2.15.RELEASE]
	at org.springframework.web.servlet.DispatcherServlet.doDispatch(DispatcherServlet.java:1040) ~[spring-webmvc-5.2.15.RELEASE.jar:5.2.15.RELEASE]
	at org.springframework.web.servlet.DispatcherServlet.doService(DispatcherServlet.java:943) ~[spring-webmvc-5.2.15.RELEASE.jar:5.2.15.RELEASE]
	at org.springframework.web.servlet.FrameworkServlet.processRequest(FrameworkServlet.java:1006) ~[spring-webmvc-5.2.15.RELEASE.jar:5.2.15.RELEASE]
	at org.springframework.web.servlet.FrameworkServlet.doGet(FrameworkServlet.java:898) ~[spring-webmvc-5.2.15.RELEASE.jar:5.2.15.RELEASE]
	at javax.servlet.http.HttpServlet.service(HttpServlet.java:645) ~[javax.servlet-api-4.0.1.jar:4.0.1]
	at org.springframework.web.servlet.FrameworkServlet.service(FrameworkServlet.java:883) ~[spring-webmvc-5.2.15.RELEASE.jar:5.2.15.RELEASE]
	at javax.servlet.http.HttpServlet.service(HttpServlet.java:750) ~[javax.servlet-api-4.0.1.jar:4.0.1]
	at org.apache.catalina.core.ApplicationFilterChain.internalDoFilter(ApplicationFilterChain.java:227) ~[tomcat-embed-core-9.0.46.jar:9.0.46]
	at org.apache.catalina.core.ApplicationFilterChain.doFilter(ApplicationFilterChain.java:162) ~[tomcat-embed-core-9.0.46.jar:9.0.46]
	at org.apache.tomcat.websocket.server.WsFilter.doFilter(WsFilter.java:53) ~[tomcat-embed-websocket-9.0.46.jar:9.0.46]
	at org.apache.catalina.core.ApplicationFilterChain.internalDoFilter(ApplicationFilterChain.java:189) ~[tomcat-embed-core-9.0.46.jar:9.0.46]
	at org.apache.catalina.core.ApplicationFilterChain.doFilter(ApplicationFilterChain.java:162) ~[tomcat-embed-core-9.0.46.jar:9.0.46]
	at org.apache.shiro.web.servlet.ProxiedFilterChain.doFilter(ProxiedFilterChain.java:61) ~[shiro-all-1.9.1.jar:?]
	at org.apache.shiro.web.servlet.AdviceFilter.executeChain(AdviceFilter.java:108) ~[shiro-all-1.9.1.jar:?]
	at org.apache.shiro.web.servlet.AdviceFilter.doFilterInternal(AdviceFilter.java:137) ~[shiro-all-1.9.1.jar:?]
	at org.apache.shiro.web.servlet.OncePerRequestFilter.doFilter(OncePerRequestFilter.java:125) ~[shiro-all-1.9.1.jar:?]
	at org.apache.shiro.web.servlet.ProxiedFilterChain.doFilter(ProxiedFilterChain.java:66) ~[shiro-all-1.9.1.jar:?]
	at org.apache.shiro.web.servlet.AbstractShiroFilter.executeChain(AbstractShiroFilter.java:450) ~[shiro-all-1.9.1.jar:?]
	at org.apache.shiro.web.servlet.AbstractShiroFilter$1.call(AbstractShiroFilter.java:365) ~[shiro-all-1.9.1.jar:?]
	at org.apache.shiro.subject.support.SubjectCallable.doCall(SubjectCallable.java:90) ~[shiro-all-1.9.1.jar:?]
	at org.apache.shiro.subject.support.SubjectCallable.call(SubjectCallable.java:83) ~[shiro-all-1.9.1.jar:?]
	at org.apache.shiro.subject.support.DelegatingSubject.execute(DelegatingSubject.java:387) ~[shiro-all-1.9.1.jar:?]
	at org.apache.shiro.web.servlet.AbstractShiroFilter.doFilterInternal(AbstractShiroFilter.java:362) ~[shiro-all-1.9.1.jar:?]
	at org.apache.shiro.web.servlet.OncePerRequestFilter.doFilter(OncePerRequestFilter.java:125) ~[shiro-all-1.9.1.jar:?]
	at org.apache.catalina.core.ApplicationFilterChain.internalDoFilter(ApplicationFilterChain.java:189) ~[tomcat-embed-core-9.0.46.jar:9.0.46]
	at org.apache.catalina.core.ApplicationFilterChain.doFilter(ApplicationFilterChain.java:162) ~[tomcat-embed-core-9.0.46.jar:9.0.46]
	at org.springframework.web.filter.RequestContextFilter.doFilterInternal(RequestContextFilter.java:100) ~[spring-web-5.2.15.RELEASE.jar:5.2.15.RELEASE]
	at org.springframework.web.filter.OncePerRequestFilter.doFilter(OncePerRequestFilter.java:119) ~[spring-web-5.2.15.RELEASE.jar:5.2.15.RELEASE]
	at org.apache.catalina.core.ApplicationFilterChain.internalDoFilter(ApplicationFilterChain.java:189) ~[tomcat-embed-core-9.0.46.jar:9.0.46]
	at org.apache.catalina.core.ApplicationFilterChain.doFilter(ApplicationFilterChain.java:162) ~[tomcat-embed-core-9.0.46.jar:9.0.46]
	at org.springframework.web.filter.FormContentFilter.doFilterInternal(FormContentFilter.java:93) ~[spring-web-5.2.15.RELEASE.jar:5.2.15.RELEASE]
	at org.springframework.web.filter.OncePerRequestFilter.doFilter(OncePerRequestFilter.java:119) ~[spring-web-5.2.15.RELEASE.jar:5.2.15.RELEASE]
	at org.apache.catalina.core.ApplicationFilterChain.internalDoFilter(ApplicationFilterChain.java:189) ~[tomcat-embed-core-9.0.46.jar:9.0.46]
	at org.apache.catalina.core.ApplicationFilterChain.doFilter(ApplicationFilterChain.java:162) ~[tomcat-embed-core-9.0.46.jar:9.0.46]
	at org.springframework.boot.actuate.metrics.web.servlet.WebMvcMetricsFilter.doFilterInternal(WebMvcMetricsFilter.java:97) ~[spring-boot-actuator-2.3.12.RELEASE.jar:2.3.12.RELEASE]
	at org.springframework.web.filter.OncePerRequestFilter.doFilter(OncePerRequestFilter.java:119) ~[spring-web-5.2.15.RELEASE.jar:5.2.15.RELEASE]
	at org.apache.catalina.core.ApplicationFilterChain.internalDoFilter(ApplicationFilterChain.java:189) ~[tomcat-embed-core-9.0.46.jar:9.0.46]
	at org.apache.catalina.core.ApplicationFilterChain.doFilter(ApplicationFilterChain.java:162) ~[tomcat-embed-core-9.0.46.jar:9.0.46]
	at org.springframework.web.filter.CharacterEncodingFilter.doFilterInternal(CharacterEncodingFilter.java:201) ~[spring-web-5.2.15.RELEASE.jar:5.2.15.RELEASE]
	at org.springframework.web.filter.OncePerRequestFilter.doFilter(OncePerRequestFilter.java:119) ~[spring-web-5.2.15.RELEASE.jar:5.2.15.RELEASE]
	at org.apache.catalina.core.ApplicationFilterChain.internalDoFilter(ApplicationFilterChain.java:189) ~[tomcat-embed-core-9.0.46.jar:9.0.46]
	at org.apache.catalina.core.ApplicationFilterChain.doFilter(ApplicationFilterChain.java:162) ~[tomcat-embed-core-9.0.46.jar:9.0.46]
	at net.mingsoft.basic.filter.XSSEscapeFilter.doFilter(XSSEscapeFilter.java:58) ~[ms-basic-2.1.14.1.jar:2.1.14.1]
	at org.apache.catalina.core.ApplicationFilterChain.internalDoFilter(ApplicationFilterChain.java:189) ~[tomcat-embed-core-9.0.46.jar:9.0.46]
	at org.apache.catalina.core.ApplicationFilterChain.doFilter(ApplicationFilterChain.java:162) ~[tomcat-embed-core-9.0.46.jar:9.0.46]
	at org.apache.catalina.core.StandardWrapperValve.invoke(StandardWrapperValve.java:202) ~[tomcat-embed-core-9.0.46.jar:9.0.46]
	at org.apache.catalina.core.StandardContextValve.invoke(StandardContextValve.java:97) ~[tomcat-embed-core-9.0.46.jar:9.0.46]
	at org.apache.catalina.authenticator.AuthenticatorBase.invoke(AuthenticatorBase.java:542) ~[tomcat-embed-core-9.0.46.jar:9.0.46]
	at org.apache.catalina.core.StandardHostValve.invoke(StandardHostValve.java:143) ~[tomcat-embed-core-9.0.46.jar:9.0.46]
	at org.apache.catalina.valves.ErrorReportValve.invoke(ErrorReportValve.java:92) ~[tomcat-embed-core-9.0.46.jar:9.0.46]
	at org.apache.catalina.core.StandardEngineValve.invoke(StandardEngineValve.java:78) ~[tomcat-embed-core-9.0.46.jar:9.0.46]
	at org.apache.catalina.connector.CoyoteAdapter.service(CoyoteAdapter.java:357) ~[tomcat-embed-core-9.0.46.jar:9.0.46]
	at org.apache.coyote.http11.Http11Processor.service(Http11Processor.java:374) ~[tomcat-embed-core-9.0.46.jar:9.0.46]
	at org.apache.coyote.AbstractProcessorLight.process(AbstractProcessorLight.java:65) ~[tomcat-embed-core-9.0.46.jar:9.0.46]
	at org.apache.coyote.AbstractProtocol$ConnectionHandler.process(AbstractProtocol.java:893) ~[tomcat-embed-core-9.0.46.jar:9.0.46]
	at org.apache.tomcat.util.net.NioEndpoint$SocketProcessor.doRun(NioEndpoint.java:1707) ~[tomcat-embed-core-9.0.46.jar:9.0.46]
	at org.apache.tomcat.util.net.SocketProcessorBase.run(SocketProcessorBase.java:49) ~[tomcat-embed-core-9.0.46.jar:9.0.46]
	at java.util.concurrent.ThreadPoolExecutor.runWorker(ThreadPoolExecutor.java:1142) ~[?:1.8.0_65]
	at java.util.concurrent.ThreadPoolExecutor$Worker.run(ThreadPoolExecutor.java:617) ~[?:1.8.0_65]
	at org.apache.tomcat.util.threads.TaskThread$WrappingRunnable.run(TaskThread.java:61) ~[tomcat-embed-core-9.0.46.jar:9.0.46]
	at java.lang.Thread.run(Thread.java:745) ~[?:1.8.0_65]

[2m2025-01-20 20:52:33.207[0;39m [[31mERROR[0;39m] [35m10358[0;39m [2m[nio-8080-exec-4 ][0;39m [31mfreemarker.runtime[0;39m:60 [2m:[0;39m Error executing FreeMarker template

freemarker.core._MiscTemplateException: Instantiating freemarker.template.utility.Execute is not allowed in the template for security reasons.

----
FTL stack trace ("~" means nesting-related):
	- Failed at: #assign value = "freemarker.template...  [in template "ms:custom:search.htm" at line 10, column 5]
----
	at freemarker.core._MessageUtil.newInstantiatingClassNotAllowedException(_MessageUtil.java:302) ~[freemarker-2.3.31.jar:2.3.31]
	at freemarker.core.TemplateClassResolver$3.resolve(TemplateClassResolver.java:90) ~[freemarker-2.3.31.jar:2.3.31]
	at freemarker.core.NewBI$ConstructorFunction.<init>(NewBI.java:61) ~[freemarker-2.3.31.jar:2.3.31]
	at freemarker.core.NewBI._eval(NewBI.java:51) ~[freemarker-2.3.31.jar:2.3.31]
	at freemarker.core.Expression.eval(Expression.java:101) ~[freemarker-2.3.31.jar:2.3.31]
	at freemarker.core.MethodCall._eval(MethodCall.java:55) ~[freemarker-2.3.31.jar:2.3.31]
	at freemarker.core.Expression.eval(Expression.java:101) ~[freemarker-2.3.31.jar:2.3.31]
	at freemarker.core.Assignment.accept(Assignment.java:134) ~[freemarker-2.3.31.jar:2.3.31]
	at freemarker.core.Environment.visit(Environment.java:347) ~[freemarker-2.3.31.jar:2.3.31]
	at freemarker.core.Environment.visit(Environment.java:353) ~[freemarker-2.3.31.jar:2.3.31]
	at freemarker.core.Environment.process(Environment.java:326) ~[freemarker-2.3.31.jar:2.3.31]
	at freemarker.template.Template.process(Template.java:383) ~[freemarker-2.3.31.jar:2.3.31]
	at net.mingsoft.mdiy.util.ParserUtil.rendering(ParserUtil.java:409) ~[ms-mdiy-2.1.14.1.jar:2.1.14.1]
	at net.mingsoft.cms.action.web.MCmsAction.search(MCmsAction.java:299) ~[classes/:?]
	at sun.reflect.NativeMethodAccessorImpl.invoke0(Native Method) ~[?:1.8.0_65]
	at sun.reflect.NativeMethodAccessorImpl.invoke(NativeMethodAccessorImpl.java:62) ~[?:1.8.0_65]
	at sun.reflect.DelegatingMethodAccessorImpl.invoke(DelegatingMethodAccessorImpl.java:43) ~[?:1.8.0_65]
	at java.lang.reflect.Method.invoke(Method.java:497) ~[?:1.8.0_65]
	at org.springframework.web.method.support.InvocableHandlerMethod.doInvoke(InvocableHandlerMethod.java:190) ~[spring-web-5.2.15.RELEASE.jar:5.2.15.RELEASE]
	at org.springframework.web.method.support.InvocableHandlerMethod.invokeForRequest(InvocableHandlerMethod.java:138) ~[spring-web-5.2.15.RELEASE.jar:5.2.15.RELEASE]
	at org.springframework.web.servlet.mvc.method.annotation.ServletInvocableHandlerMethod.invokeAndHandle(ServletInvocableHandlerMethod.java:105) ~[spring-webmvc-5.2.15.RELEASE.jar:5.2.15.RELEASE]
	at org.springframework.web.servlet.mvc.method.annotation.RequestMappingHandlerAdapter.invokeHandlerMethod(RequestMappingHandlerAdapter.java:878) ~[spring-webmvc-5.2.15.RELEASE.jar:5.2.15.RELEASE]
	at org.springframework.web.servlet.mvc.method.annotation.RequestMappingHandlerAdapter.handleInternal(RequestMappingHandlerAdapter.java:792) ~[spring-webmvc-5.2.15.RELEASE.jar:5.2.15.RELEASE]
	at org.springframework.web.servlet.mvc.method.AbstractHandlerMethodAdapter.handle(AbstractHandlerMethodAdapter.java:87) ~[spring-webmvc-5.2.15.RELEASE.jar:5.2.15.RELEASE]
	at org.springframework.web.servlet.DispatcherServlet.doDispatch(DispatcherServlet.java:1040) ~[spring-webmvc-5.2.15.RELEASE.jar:5.2.15.RELEASE]
	at org.springframework.web.servlet.DispatcherServlet.doService(DispatcherServlet.java:943) ~[spring-webmvc-5.2.15.RELEASE.jar:5.2.15.RELEASE]
	at org.springframework.web.servlet.FrameworkServlet.processRequest(FrameworkServlet.java:1006) ~[spring-webmvc-5.2.15.RELEASE.jar:5.2.15.RELEASE]
	at org.springframework.web.servlet.FrameworkServlet.doGet(FrameworkServlet.java:898) ~[spring-webmvc-5.2.15.RELEASE.jar:5.2.15.RELEASE]
	at javax.servlet.http.HttpServlet.service(HttpServlet.java:645) ~[javax.servlet-api-4.0.1.jar:4.0.1]
	at org.springframework.web.servlet.FrameworkServlet.service(FrameworkServlet.java:883) ~[spring-webmvc-5.2.15.RELEASE.jar:5.2.15.RELEASE]
	at javax.servlet.http.HttpServlet.service(HttpServlet.java:750) ~[javax.servlet-api-4.0.1.jar:4.0.1]
	at org.apache.catalina.core.ApplicationFilterChain.internalDoFilter(ApplicationFilterChain.java:227) ~[tomcat-embed-core-9.0.46.jar:9.0.46]
	at org.apache.catalina.core.ApplicationFilterChain.doFilter(ApplicationFilterChain.java:162) ~[tomcat-embed-core-9.0.46.jar:9.0.46]
	at org.apache.tomcat.websocket.server.WsFilter.doFilter(WsFilter.java:53) ~[tomcat-embed-websocket-9.0.46.jar:9.0.46]
	at org.apache.catalina.core.ApplicationFilterChain.internalDoFilter(ApplicationFilterChain.java:189) ~[tomcat-embed-core-9.0.46.jar:9.0.46]
	at org.apache.catalina.core.ApplicationFilterChain.doFilter(ApplicationFilterChain.java:162) ~[tomcat-embed-core-9.0.46.jar:9.0.46]
	at org.apache.shiro.web.servlet.ProxiedFilterChain.doFilter(ProxiedFilterChain.java:61) ~[shiro-all-1.9.1.jar:?]
	at org.apache.shiro.web.servlet.AdviceFilter.executeChain(AdviceFilter.java:108) ~[shiro-all-1.9.1.jar:?]
	at org.apache.shiro.web.servlet.AdviceFilter.doFilterInternal(AdviceFilter.java:137) ~[shiro-all-1.9.1.jar:?]
	at org.apache.shiro.web.servlet.OncePerRequestFilter.doFilter(OncePerRequestFilter.java:125) ~[shiro-all-1.9.1.jar:?]
	at org.apache.shiro.web.servlet.ProxiedFilterChain.doFilter(ProxiedFilterChain.java:66) ~[shiro-all-1.9.1.jar:?]
	at org.apache.shiro.web.servlet.AbstractShiroFilter.executeChain(AbstractShiroFilter.java:450) ~[shiro-all-1.9.1.jar:?]
	at org.apache.shiro.web.servlet.AbstractShiroFilter$1.call(AbstractShiroFilter.java:365) ~[shiro-all-1.9.1.jar:?]
	at org.apache.shiro.subject.support.SubjectCallable.doCall(SubjectCallable.java:90) ~[shiro-all-1.9.1.jar:?]
	at org.apache.shiro.subject.support.SubjectCallable.call(SubjectCallable.java:83) ~[shiro-all-1.9.1.jar:?]
	at org.apache.shiro.subject.support.DelegatingSubject.execute(DelegatingSubject.java:387) ~[shiro-all-1.9.1.jar:?]
	at org.apache.shiro.web.servlet.AbstractShiroFilter.doFilterInternal(AbstractShiroFilter.java:362) ~[shiro-all-1.9.1.jar:?]
	at org.apache.shiro.web.servlet.OncePerRequestFilter.doFilter(OncePerRequestFilter.java:125) ~[shiro-all-1.9.1.jar:?]
	at org.apache.catalina.core.ApplicationFilterChain.internalDoFilter(ApplicationFilterChain.java:189) ~[tomcat-embed-core-9.0.46.jar:9.0.46]
	at org.apache.catalina.core.ApplicationFilterChain.doFilter(ApplicationFilterChain.java:162) ~[tomcat-embed-core-9.0.46.jar:9.0.46]
	at org.springframework.web.filter.RequestContextFilter.doFilterInternal(RequestContextFilter.java:100) ~[spring-web-5.2.15.RELEASE.jar:5.2.15.RELEASE]
	at org.springframework.web.filter.OncePerRequestFilter.doFilter(OncePerRequestFilter.java:119) ~[spring-web-5.2.15.RELEASE.jar:5.2.15.RELEASE]
	at org.apache.catalina.core.ApplicationFilterChain.internalDoFilter(ApplicationFilterChain.java:189) ~[tomcat-embed-core-9.0.46.jar:9.0.46]
	at org.apache.catalina.core.ApplicationFilterChain.doFilter(ApplicationFilterChain.java:162) ~[tomcat-embed-core-9.0.46.jar:9.0.46]
	at org.springframework.web.filter.FormContentFilter.doFilterInternal(FormContentFilter.java:93) ~[spring-web-5.2.15.RELEASE.jar:5.2.15.RELEASE]
	at org.springframework.web.filter.OncePerRequestFilter.doFilter(OncePerRequestFilter.java:119) ~[spring-web-5.2.15.RELEASE.jar:5.2.15.RELEASE]
	at org.apache.catalina.core.ApplicationFilterChain.internalDoFilter(ApplicationFilterChain.java:189) ~[tomcat-embed-core-9.0.46.jar:9.0.46]
	at org.apache.catalina.core.ApplicationFilterChain.doFilter(ApplicationFilterChain.java:162) ~[tomcat-embed-core-9.0.46.jar:9.0.46]
	at org.springframework.boot.actuate.metrics.web.servlet.WebMvcMetricsFilter.doFilterInternal(WebMvcMetricsFilter.java:97) ~[spring-boot-actuator-2.3.12.RELEASE.jar:2.3.12.RELEASE]
	at org.springframework.web.filter.OncePerRequestFilter.doFilter(OncePerRequestFilter.java:119) ~[spring-web-5.2.15.RELEASE.jar:5.2.15.RELEASE]
	at org.apache.catalina.core.ApplicationFilterChain.internalDoFilter(ApplicationFilterChain.java:189) ~[tomcat-embed-core-9.0.46.jar:9.0.46]
	at org.apache.catalina.core.ApplicationFilterChain.doFilter(ApplicationFilterChain.java:162) ~[tomcat-embed-core-9.0.46.jar:9.0.46]
	at org.springframework.web.filter.CharacterEncodingFilter.doFilterInternal(CharacterEncodingFilter.java:201) ~[spring-web-5.2.15.RELEASE.jar:5.2.15.RELEASE]
	at org.springframework.web.filter.OncePerRequestFilter.doFilter(OncePerRequestFilter.java:119) ~[spring-web-5.2.15.RELEASE.jar:5.2.15.RELEASE]
	at org.apache.catalina.core.ApplicationFilterChain.internalDoFilter(ApplicationFilterChain.java:189) ~[tomcat-embed-core-9.0.46.jar:9.0.46]
	at org.apache.catalina.core.ApplicationFilterChain.doFilter(ApplicationFilterChain.java:162) ~[tomcat-embed-core-9.0.46.jar:9.0.46]
	at net.mingsoft.basic.filter.XSSEscapeFilter.doFilter(XSSEscapeFilter.java:58) ~[ms-basic-2.1.14.1.jar:2.1.14.1]
	at org.apache.catalina.core.ApplicationFilterChain.internalDoFilter(ApplicationFilterChain.java:189) ~[tomcat-embed-core-9.0.46.jar:9.0.46]
	at org.apache.catalina.core.ApplicationFilterChain.doFilter(ApplicationFilterChain.java:162) ~[tomcat-embed-core-9.0.46.jar:9.0.46]
	at org.apache.catalina.core.StandardWrapperValve.invoke(StandardWrapperValve.java:202) ~[tomcat-embed-core-9.0.46.jar:9.0.46]
	at org.apache.catalina.core.StandardContextValve.invoke(StandardContextValve.java:97) ~[tomcat-embed-core-9.0.46.jar:9.0.46]
	at org.apache.catalina.authenticator.AuthenticatorBase.invoke(AuthenticatorBase.java:542) ~[tomcat-embed-core-9.0.46.jar:9.0.46]
	at org.apache.catalina.core.StandardHostValve.invoke(StandardHostValve.java:143) ~[tomcat-embed-core-9.0.46.jar:9.0.46]
	at org.apache.catalina.valves.ErrorReportValve.invoke(ErrorReportValve.java:92) ~[tomcat-embed-core-9.0.46.jar:9.0.46]
	at org.apache.catalina.core.StandardEngineValve.invoke(StandardEngineValve.java:78) ~[tomcat-embed-core-9.0.46.jar:9.0.46]
	at org.apache.catalina.connector.CoyoteAdapter.service(CoyoteAdapter.java:357) ~[tomcat-embed-core-9.0.46.jar:9.0.46]
	at org.apache.coyote.http11.Http11Processor.service(Http11Processor.java:374) ~[tomcat-embed-core-9.0.46.jar:9.0.46]
	at org.apache.coyote.AbstractProcessorLight.process(AbstractProcessorLight.java:65) ~[tomcat-embed-core-9.0.46.jar:9.0.46]
	at org.apache.coyote.AbstractProtocol$ConnectionHandler.process(AbstractProtocol.java:893) ~[tomcat-embed-core-9.0.46.jar:9.0.46]
	at org.apache.tomcat.util.net.NioEndpoint$SocketProcessor.doRun(NioEndpoint.java:1707) ~[tomcat-embed-core-9.0.46.jar:9.0.46]
	at org.apache.tomcat.util.net.SocketProcessorBase.run(SocketProcessorBase.java:49) ~[tomcat-embed-core-9.0.46.jar:9.0.46]
	at java.util.concurrent.ThreadPoolExecutor.runWorker(ThreadPoolExecutor.java:1142) ~[?:1.8.0_65]
	at java.util.concurrent.ThreadPoolExecutor$Worker.run(ThreadPoolExecutor.java:617) ~[?:1.8.0_65]
	at org.apache.tomcat.util.threads.TaskThread$WrappingRunnable.run(TaskThread.java:61) ~[tomcat-embed-core-9.0.46.jar:9.0.46]
	at java.lang.Thread.run(Thread.java:745) ~[?:1.8.0_65]

[2m2025-01-20 20:52:33.212[0;39m [[31mERROR[0;39m] [35m10358[0;39m [2m[nio-8080-exec-4 ][0;39m [31mnet.mingsoft.mdiy.util.ParserUtil[0;39m:412 [2m:[0;39m 渲染错误

freemarker.core._MiscTemplateException: Instantiating freemarker.template.utility.Execute is not allowed in the template for security reasons.

----
FTL stack trace ("~" means nesting-related):
	- Failed at: #assign value = "freemarker.template...  [in template "ms:custom:search.htm" at line 10, column 5]
----
	at freemarker.core._MessageUtil.newInstantiatingClassNotAllowedException(_MessageUtil.java:302) ~[freemarker-2.3.31.jar:2.3.31]
	at freemarker.core.TemplateClassResolver$3.resolve(TemplateClassResolver.java:90) ~[freemarker-2.3.31.jar:2.3.31]
	at freemarker.core.NewBI$ConstructorFunction.<init>(NewBI.java:61) ~[freemarker-2.3.31.jar:2.3.31]
	at freemarker.core.NewBI._eval(NewBI.java:51) ~[freemarker-2.3.31.jar:2.3.31]
	at freemarker.core.Expression.eval(Expression.java:101) ~[freemarker-2.3.31.jar:2.3.31]
	at freemarker.core.MethodCall._eval(MethodCall.java:55) ~[freemarker-2.3.31.jar:2.3.31]
	at freemarker.core.Expression.eval(Expression.java:101) ~[freemarker-2.3.31.jar:2.3.31]
	at freemarker.core.Assignment.accept(Assignment.java:134) ~[freemarker-2.3.31.jar:2.3.31]
	at freemarker.core.Environment.visit(Environment.java:347) ~[freemarker-2.3.31.jar:2.3.31]
	at freemarker.core.Environment.visit(Environment.java:353) ~[freemarker-2.3.31.jar:2.3.31]
	at freemarker.core.Environment.process(Environment.java:326) ~[freemarker-2.3.31.jar:2.3.31]
	at freemarker.template.Template.process(Template.java:383) ~[freemarker-2.3.31.jar:2.3.31]
	at net.mingsoft.mdiy.util.ParserUtil.rendering(ParserUtil.java:409) ~[ms-mdiy-2.1.14.1.jar:2.1.14.1]
	at net.mingsoft.cms.action.web.MCmsAction.search(MCmsAction.java:299) ~[classes/:?]
	at sun.reflect.NativeMethodAccessorImpl.invoke0(Native Method) ~[?:1.8.0_65]
	at sun.reflect.NativeMethodAccessorImpl.invoke(NativeMethodAccessorImpl.java:62) ~[?:1.8.0_65]
	at sun.reflect.DelegatingMethodAccessorImpl.invoke(DelegatingMethodAccessorImpl.java:43) ~[?:1.8.0_65]
	at java.lang.reflect.Method.invoke(Method.java:497) ~[?:1.8.0_65]
	at org.springframework.web.method.support.InvocableHandlerMethod.doInvoke(InvocableHandlerMethod.java:190) ~[spring-web-5.2.15.RELEASE.jar:5.2.15.RELEASE]
	at org.springframework.web.method.support.InvocableHandlerMethod.invokeForRequest(InvocableHandlerMethod.java:138) ~[spring-web-5.2.15.RELEASE.jar:5.2.15.RELEASE]
	at org.springframework.web.servlet.mvc.method.annotation.ServletInvocableHandlerMethod.invokeAndHandle(ServletInvocableHandlerMethod.java:105) ~[spring-webmvc-5.2.15.RELEASE.jar:5.2.15.RELEASE]
	at org.springframework.web.servlet.mvc.method.annotation.RequestMappingHandlerAdapter.invokeHandlerMethod(RequestMappingHandlerAdapter.java:878) ~[spring-webmvc-5.2.15.RELEASE.jar:5.2.15.RELEASE]
	at org.springframework.web.servlet.mvc.method.annotation.RequestMappingHandlerAdapter.handleInternal(RequestMappingHandlerAdapter.java:792) ~[spring-webmvc-5.2.15.RELEASE.jar:5.2.15.RELEASE]
	at org.springframework.web.servlet.mvc.method.AbstractHandlerMethodAdapter.handle(AbstractHandlerMethodAdapter.java:87) ~[spring-webmvc-5.2.15.RELEASE.jar:5.2.15.RELEASE]
	at org.springframework.web.servlet.DispatcherServlet.doDispatch(DispatcherServlet.java:1040) ~[spring-webmvc-5.2.15.RELEASE.jar:5.2.15.RELEASE]
	at org.springframework.web.servlet.DispatcherServlet.doService(DispatcherServlet.java:943) ~[spring-webmvc-5.2.15.RELEASE.jar:5.2.15.RELEASE]
	at org.springframework.web.servlet.FrameworkServlet.processRequest(FrameworkServlet.java:1006) ~[spring-webmvc-5.2.15.RELEASE.jar:5.2.15.RELEASE]
	at org.springframework.web.servlet.FrameworkServlet.doGet(FrameworkServlet.java:898) ~[spring-webmvc-5.2.15.RELEASE.jar:5.2.15.RELEASE]
	at javax.servlet.http.HttpServlet.service(HttpServlet.java:645) ~[javax.servlet-api-4.0.1.jar:4.0.1]
	at org.springframework.web.servlet.FrameworkServlet.service(FrameworkServlet.java:883) ~[spring-webmvc-5.2.15.RELEASE.jar:5.2.15.RELEASE]
	at javax.servlet.http.HttpServlet.service(HttpServlet.java:750) ~[javax.servlet-api-4.0.1.jar:4.0.1]
	at org.apache.catalina.core.ApplicationFilterChain.internalDoFilter(ApplicationFilterChain.java:227) ~[tomcat-embed-core-9.0.46.jar:9.0.46]
	at org.apache.catalina.core.ApplicationFilterChain.doFilter(ApplicationFilterChain.java:162) ~[tomcat-embed-core-9.0.46.jar:9.0.46]
	at org.apache.tomcat.websocket.server.WsFilter.doFilter(WsFilter.java:53) ~[tomcat-embed-websocket-9.0.46.jar:9.0.46]
	at org.apache.catalina.core.ApplicationFilterChain.internalDoFilter(ApplicationFilterChain.java:189) ~[tomcat-embed-core-9.0.46.jar:9.0.46]
	at org.apache.catalina.core.ApplicationFilterChain.doFilter(ApplicationFilterChain.java:162) ~[tomcat-embed-core-9.0.46.jar:9.0.46]
	at org.apache.shiro.web.servlet.ProxiedFilterChain.doFilter(ProxiedFilterChain.java:61) ~[shiro-all-1.9.1.jar:?]
	at org.apache.shiro.web.servlet.AdviceFilter.executeChain(AdviceFilter.java:108) ~[shiro-all-1.9.1.jar:?]
	at org.apache.shiro.web.servlet.AdviceFilter.doFilterInternal(AdviceFilter.java:137) ~[shiro-all-1.9.1.jar:?]
	at org.apache.shiro.web.servlet.OncePerRequestFilter.doFilter(OncePerRequestFilter.java:125) ~[shiro-all-1.9.1.jar:?]
	at org.apache.shiro.web.servlet.ProxiedFilterChain.doFilter(ProxiedFilterChain.java:66) ~[shiro-all-1.9.1.jar:?]
	at org.apache.shiro.web.servlet.AbstractShiroFilter.executeChain(AbstractShiroFilter.java:450) ~[shiro-all-1.9.1.jar:?]
	at org.apache.shiro.web.servlet.AbstractShiroFilter$1.call(AbstractShiroFilter.java:365) ~[shiro-all-1.9.1.jar:?]
	at org.apache.shiro.subject.support.SubjectCallable.doCall(SubjectCallable.java:90) ~[shiro-all-1.9.1.jar:?]
	at org.apache.shiro.subject.support.SubjectCallable.call(SubjectCallable.java:83) ~[shiro-all-1.9.1.jar:?]
	at org.apache.shiro.subject.support.DelegatingSubject.execute(DelegatingSubject.java:387) ~[shiro-all-1.9.1.jar:?]
	at org.apache.shiro.web.servlet.AbstractShiroFilter.doFilterInternal(AbstractShiroFilter.java:362) ~[shiro-all-1.9.1.jar:?]
	at org.apache.shiro.web.servlet.OncePerRequestFilter.doFilter(OncePerRequestFilter.java:125) ~[shiro-all-1.9.1.jar:?]
	at org.apache.catalina.core.ApplicationFilterChain.internalDoFilter(ApplicationFilterChain.java:189) ~[tomcat-embed-core-9.0.46.jar:9.0.46]
	at org.apache.catalina.core.ApplicationFilterChain.doFilter(ApplicationFilterChain.java:162) ~[tomcat-embed-core-9.0.46.jar:9.0.46]
	at org.springframework.web.filter.RequestContextFilter.doFilterInternal(RequestContextFilter.java:100) ~[spring-web-5.2.15.RELEASE.jar:5.2.15.RELEASE]
	at org.springframework.web.filter.OncePerRequestFilter.doFilter(OncePerRequestFilter.java:119) ~[spring-web-5.2.15.RELEASE.jar:5.2.15.RELEASE]
	at org.apache.catalina.core.ApplicationFilterChain.internalDoFilter(ApplicationFilterChain.java:189) ~[tomcat-embed-core-9.0.46.jar:9.0.46]
	at org.apache.catalina.core.ApplicationFilterChain.doFilter(ApplicationFilterChain.java:162) ~[tomcat-embed-core-9.0.46.jar:9.0.46]
	at org.springframework.web.filter.FormContentFilter.doFilterInternal(FormContentFilter.java:93) ~[spring-web-5.2.15.RELEASE.jar:5.2.15.RELEASE]
	at org.springframework.web.filter.OncePerRequestFilter.doFilter(OncePerRequestFilter.java:119) ~[spring-web-5.2.15.RELEASE.jar:5.2.15.RELEASE]
	at org.apache.catalina.core.ApplicationFilterChain.internalDoFilter(ApplicationFilterChain.java:189) ~[tomcat-embed-core-9.0.46.jar:9.0.46]
	at org.apache.catalina.core.ApplicationFilterChain.doFilter(ApplicationFilterChain.java:162) ~[tomcat-embed-core-9.0.46.jar:9.0.46]
	at org.springframework.boot.actuate.metrics.web.servlet.WebMvcMetricsFilter.doFilterInternal(WebMvcMetricsFilter.java:97) ~[spring-boot-actuator-2.3.12.RELEASE.jar:2.3.12.RELEASE]
	at org.springframework.web.filter.OncePerRequestFilter.doFilter(OncePerRequestFilter.java:119) ~[spring-web-5.2.15.RELEASE.jar:5.2.15.RELEASE]
	at org.apache.catalina.core.ApplicationFilterChain.internalDoFilter(ApplicationFilterChain.java:189) ~[tomcat-embed-core-9.0.46.jar:9.0.46]
	at org.apache.catalina.core.ApplicationFilterChain.doFilter(ApplicationFilterChain.java:162) ~[tomcat-embed-core-9.0.46.jar:9.0.46]
	at org.springframework.web.filter.CharacterEncodingFilter.doFilterInternal(CharacterEncodingFilter.java:201) ~[spring-web-5.2.15.RELEASE.jar:5.2.15.RELEASE]
	at org.springframework.web.filter.OncePerRequestFilter.doFilter(OncePerRequestFilter.java:119) ~[spring-web-5.2.15.RELEASE.jar:5.2.15.RELEASE]
	at org.apache.catalina.core.ApplicationFilterChain.internalDoFilter(ApplicationFilterChain.java:189) ~[tomcat-embed-core-9.0.46.jar:9.0.46]
	at org.apache.catalina.core.ApplicationFilterChain.doFilter(ApplicationFilterChain.java:162) ~[tomcat-embed-core-9.0.46.jar:9.0.46]
	at net.mingsoft.basic.filter.XSSEscapeFilter.doFilter(XSSEscapeFilter.java:58) ~[ms-basic-2.1.14.1.jar:2.1.14.1]
	at org.apache.catalina.core.ApplicationFilterChain.internalDoFilter(ApplicationFilterChain.java:189) ~[tomcat-embed-core-9.0.46.jar:9.0.46]
	at org.apache.catalina.core.ApplicationFilterChain.doFilter(ApplicationFilterChain.java:162) ~[tomcat-embed-core-9.0.46.jar:9.0.46]
	at org.apache.catalina.core.StandardWrapperValve.invoke(StandardWrapperValve.java:202) ~[tomcat-embed-core-9.0.46.jar:9.0.46]
	at org.apache.catalina.core.StandardContextValve.invoke(StandardContextValve.java:97) ~[tomcat-embed-core-9.0.46.jar:9.0.46]
	at org.apache.catalina.authenticator.AuthenticatorBase.invoke(AuthenticatorBase.java:542) ~[tomcat-embed-core-9.0.46.jar:9.0.46]
	at org.apache.catalina.core.StandardHostValve.invoke(StandardHostValve.java:143) ~[tomcat-embed-core-9.0.46.jar:9.0.46]
	at org.apache.catalina.valves.ErrorReportValve.invoke(ErrorReportValve.java:92) ~[tomcat-embed-core-9.0.46.jar:9.0.46]
	at org.apache.catalina.core.StandardEngineValve.invoke(StandardEngineValve.java:78) ~[tomcat-embed-core-9.0.46.jar:9.0.46]
	at org.apache.catalina.connector.CoyoteAdapter.service(CoyoteAdapter.java:357) ~[tomcat-embed-core-9.0.46.jar:9.0.46]
	at org.apache.coyote.http11.Http11Processor.service(Http11Processor.java:374) ~[tomcat-embed-core-9.0.46.jar:9.0.46]
	at org.apache.coyote.AbstractProcessorLight.process(AbstractProcessorLight.java:65) ~[tomcat-embed-core-9.0.46.jar:9.0.46]
	at org.apache.coyote.AbstractProtocol$ConnectionHandler.process(AbstractProtocol.java:893) ~[tomcat-embed-core-9.0.46.jar:9.0.46]
	at org.apache.tomcat.util.net.NioEndpoint$SocketProcessor.doRun(NioEndpoint.java:1707) ~[tomcat-embed-core-9.0.46.jar:9.0.46]
	at org.apache.tomcat.util.net.SocketProcessorBase.run(SocketProcessorBase.java:49) ~[tomcat-embed-core-9.0.46.jar:9.0.46]
	at java.util.concurrent.ThreadPoolExecutor.runWorker(ThreadPoolExecutor.java:1142) ~[?:1.8.0_65]
	at java.util.concurrent.ThreadPoolExecutor$Worker.run(ThreadPoolExecutor.java:617) ~[?:1.8.0_65]
	at org.apache.tomcat.util.threads.TaskThread$WrappingRunnable.run(TaskThread.java:61) ~[tomcat-embed-core-9.0.46.jar:9.0.46]
	at java.lang.Thread.run(Thread.java:745) ~[?:1.8.0_65]

