[2m2025-01-20 15:16:22.489[0;39m [[32m INFO[0;39m] [35m9735[0;39m [2m[           main ][0;39m [32mnet.mingsoft.MSApplication[0;39m:55 [2m:[0;39m Starting MSApplication on web-virtual-machine with PID 9735 (/home/web/Desktop/Java-Sec/代码审计/MCMS-5.2.9/target/classes started by web in /home/web/Desktop/Java-Sec/代码审计/MCMS-5.2.9)
[2m2025-01-20 15:16:22.556[0;39m [[32m INFO[0;39m] [35m9735[0;39m [2m[           main ][0;39m [32mnet.mingsoft.MSApplication[0;39m:652 [2m:[0;39m The following profiles are active: dev
[2m2025-01-20 15:16:27.148[0;39m [[32m INFO[0;39m] [35m9735[0;39m [2m[           main ][0;39m [32mcom.alibaba.druid.spring.boot.autoconfigure.DruidDataSourceAutoConfigure[0;39m:56 [2m:[0;39m Init DruidDataSource
[2m2025-01-20 15:16:29.056[0;39m [[32m INFO[0;39m] [35m9735[0;39m [2m[           main ][0;39m [32mcom.alibaba.druid.pool.DruidDataSource[0;39m:998 [2m:[0;39m {dataSource-1} inited
[2m2025-01-20 15:16:30.291[0;39m [[33m WARN[0;39m] [35m9735[0;39m [2m[           main ][0;39m [33mcom.baomidou.mybatisplus.core.injector.AbstractMethod[0;39m:414 [2m:[0;39m [net.mingsoft.basic.dao.IManagerDao.delete] Has been loaded by XML or SqlProvider or Mybatis's Annotation, so ignoring this injection for [class com.baomidou.mybatisplus.core.injector.methods.Delete]
[2m2025-01-20 15:16:30.830[0;39m [[33m WARN[0;39m] [35m9735[0;39m [2m[           main ][0;39m [33mcom.baomidou.mybatisplus.core.injector.AbstractMethod[0;39m:414 [2m:[0;39m [net.mingsoft.basic.dao.IModelDao.delete] Has been loaded by XML or SqlProvider or Mybatis's Annotation, so ignoring this injection for [class com.baomidou.mybatisplus.core.injector.methods.Delete]
[2m2025-01-20 15:16:30.921[0;39m [[33m WARN[0;39m] [35m9735[0;39m [2m[           main ][0;39m [33mcom.baomidou.mybatisplus.core.metadata.TableInfoHelper[0;39m:342 [2m:[0;39m Can not find table primary key in Class: "net.mingsoft.basic.entity.RoleModelEntity".
[2m2025-01-20 15:16:30.923[0;39m [[33m WARN[0;39m] [35m9735[0;39m [2m[           main ][0;39m [33mcom.baomidou.mybatisplus.core.injector.DefaultSqlInjector[0;39m:56 [2m:[0;39m class net.mingsoft.basic.entity.RoleModelEntity ,Not found @TableId annotation, Cannot use Mybatis-Plus 'xxById' Method.
[2m2025-01-20 15:16:32.790[0;39m [[32m INFO[0;39m] [35m9735[0;39m [2m[           main ][0;39m [32morg.apache.coyote.http11.Http11NioProtocol[0;39m:173 [2m:[0;39m Initializing ProtocolHandler ["http-nio-8080"]
[2m2025-01-20 15:16:32.791[0;39m [[32m INFO[0;39m] [35m9735[0;39m [2m[           main ][0;39m [32morg.apache.catalina.core.StandardService[0;39m:173 [2m:[0;39m Starting service [Tomcat]
[2m2025-01-20 15:16:32.792[0;39m [[32m INFO[0;39m] [35m9735[0;39m [2m[           main ][0;39m [32morg.apache.catalina.core.StandardEngine[0;39m:173 [2m:[0;39m Starting Servlet engine: [Apache Tomcat/9.0.46]
[2m2025-01-20 15:16:33.056[0;39m [[32m INFO[0;39m] [35m9735[0;39m [2m[           main ][0;39m [32morg.apache.catalina.core.ContainerBase.[Tomcat].[localhost].[/][0;39m:173 [2m:[0;39m Initializing Spring embedded WebApplicationContext
[2m2025-01-20 15:16:34.031[0;39m [[33m WARN[0;39m] [35m9735[0;39m [2m[           main ][0;39m [33mcom.baomidou.mybatisplus.core.injector.AbstractMethod[0;39m:414 [2m:[0;39m [net.mingsoft.cms.dao.ICategoryDao.delete] Has been loaded by XML or SqlProvider or Mybatis's Annotation, so ignoring this injection for [class com.baomidou.mybatisplus.core.injector.methods.Delete]
[2m2025-01-20 15:16:34.166[0;39m [[33m WARN[0;39m] [35m9735[0;39m [2m[           main ][0;39m [33mcom.baomidou.mybatisplus.core.injector.AbstractMethod[0;39m:414 [2m:[0;39m [net.mingsoft.cms.dao.IContentDao.delete] Has been loaded by XML or SqlProvider or Mybatis's Annotation, so ignoring this injection for [class com.baomidou.mybatisplus.core.injector.methods.Delete]
[2m2025-01-20 15:16:35.139[0;39m [[33m WARN[0;39m] [35m9735[0;39m [2m[           main ][0;39m [33mcom.baomidou.mybatisplus.core.injector.AbstractMethod[0;39m:414 [2m:[0;39m [net.mingsoft.mdiy.dao.IModelDao.delete] Has been loaded by XML or SqlProvider or Mybatis's Annotation, so ignoring this injection for [class com.baomidou.mybatisplus.core.injector.methods.Delete]
[2m2025-01-20 15:16:35.723[0;39m [[33m WARN[0;39m] [35m9735[0;39m [2m[           main ][0;39m [33mcom.baomidou.mybatisplus.core.injector.AbstractMethod[0;39m:414 [2m:[0;39m [net.mingsoft.mdiy.dao.ITagDao.delete] Has been loaded by XML or SqlProvider or Mybatis's Annotation, so ignoring this injection for [class com.baomidou.mybatisplus.core.injector.methods.Delete]
[2m2025-01-20 15:16:38.019[0;39m [[33m WARN[0;39m] [35m9735[0;39m [2m[           main ][0;39m [33mcom.baomidou.mybatisplus.core.injector.AbstractMethod[0;39m:414 [2m:[0;39m [net.mingsoft.basic.dao.ILogDao.delete] Has been loaded by XML or SqlProvider or Mybatis's Annotation, so ignoring this injection for [class com.baomidou.mybatisplus.core.injector.methods.Delete]
[2m2025-01-20 15:16:38.551[0;39m [[33m WARN[0;39m] [35m9735[0;39m [2m[           main ][0;39m [33mcom.baomidou.mybatisplus.core.injector.AbstractMethod[0;39m:414 [2m:[0;39m [net.mingsoft.basic.dao.IRoleDao.delete] Has been loaded by XML or SqlProvider or Mybatis's Annotation, so ignoring this injection for [class com.baomidou.mybatisplus.core.injector.methods.Delete]
[2m2025-01-20 15:16:39.235[0;39m [[33m WARN[0;39m] [35m9735[0;39m [2m[           main ][0;39m [33mcom.baomidou.mybatisplus.core.injector.AbstractMethod[0;39m:414 [2m:[0;39m [net.mingsoft.basic.dao.ICityDao.delete] Has been loaded by XML or SqlProvider or Mybatis's Annotation, so ignoring this injection for [class com.baomidou.mybatisplus.core.injector.methods.Delete]
[2m2025-01-20 15:16:40.244[0;39m [[33m WARN[0;39m] [35m9735[0;39m [2m[           main ][0;39m [33mcom.baomidou.mybatisplus.core.injector.AbstractMethod[0;39m:414 [2m:[0;39m [net.mingsoft.mdiy.dao.IPageDao.delete] Has been loaded by XML or SqlProvider or Mybatis's Annotation, so ignoring this injection for [class com.baomidou.mybatisplus.core.injector.methods.Delete]
[2m2025-01-20 15:16:41.285[0;39m [[33m WARN[0;39m] [35m9735[0;39m [2m[           main ][0;39m [33mcom.baomidou.mybatisplus.core.injector.AbstractMethod[0;39m:414 [2m:[0;39m [net.mingsoft.mdiy.dao.IDictDao.delete] Has been loaded by XML or SqlProvider or Mybatis's Annotation, so ignoring this injection for [class com.baomidou.mybatisplus.core.injector.methods.Delete]
[2m2025-01-20 15:16:47.293[0;39m [[32m INFO[0;39m] [35m9735[0;39m [2m[           main ][0;39m [32morg.quartz.impl.StdSchedulerFactory[0;39m:1220 [2m:[0;39m Using default implementation for ThreadExecutor
[2m2025-01-20 15:16:47.328[0;39m [[32m INFO[0;39m] [35m9735[0;39m [2m[           main ][0;39m [32morg.quartz.core.SchedulerSignalerImpl[0;39m:61 [2m:[0;39m Initialized Scheduler Signaller of type: class org.quartz.core.SchedulerSignalerImpl
[2m2025-01-20 15:16:47.329[0;39m [[32m INFO[0;39m] [35m9735[0;39m [2m[           main ][0;39m [32morg.quartz.core.QuartzScheduler[0;39m:229 [2m:[0;39m Quartz Scheduler v.2.3.2 created.
[2m2025-01-20 15:16:47.332[0;39m [[32m INFO[0;39m] [35m9735[0;39m [2m[           main ][0;39m [32morg.quartz.simpl.RAMJobStore[0;39m:155 [2m:[0;39m RAMJobStore initialized.
[2m2025-01-20 15:16:47.337[0;39m [[32m INFO[0;39m] [35m9735[0;39m [2m[           main ][0;39m [32morg.quartz.core.QuartzScheduler[0;39m:294 [2m:[0;39m Scheduler meta-data: Quartz Scheduler (v2.3.2) 'quartzScheduler' with instanceId 'NON_CLUSTERED'
  Scheduler class: 'org.quartz.core.QuartzScheduler' - running locally.
  NOT STARTED.
  Currently in standby mode.
  Number of jobs executed: 0
  Using thread pool 'org.quartz.simpl.SimpleThreadPool' - with 10 threads.
  Using job-store 'org.quartz.simpl.RAMJobStore' - which does not support persistence. and is not clustered.

[2m2025-01-20 15:16:47.337[0;39m [[32m INFO[0;39m] [35m9735[0;39m [2m[           main ][0;39m [32morg.quartz.impl.StdSchedulerFactory[0;39m:1374 [2m:[0;39m Quartz scheduler 'quartzScheduler' initialized from an externally provided properties instance.
[2m2025-01-20 15:16:47.338[0;39m [[32m INFO[0;39m] [35m9735[0;39m [2m[           main ][0;39m [32morg.quartz.impl.StdSchedulerFactory[0;39m:1378 [2m:[0;39m Quartz scheduler version: 2.3.2
[2m2025-01-20 15:16:47.338[0;39m [[32m INFO[0;39m] [35m9735[0;39m [2m[           main ][0;39m [32morg.quartz.core.QuartzScheduler[0;39m:2293 [2m:[0;39m JobFactory set to: org.springframework.scheduling.quartz.SpringBeanJobFactory@77ec9fdb
[2m2025-01-20 15:16:48.075[0;39m [[32m INFO[0;39m] [35m9735[0;39m [2m[           main ][0;39m [32morg.apache.coyote.http11.Http11NioProtocol[0;39m:173 [2m:[0;39m Starting ProtocolHandler ["http-nio-8080"]
[2m2025-01-20 15:16:48.111[0;39m [[32m INFO[0;39m] [35m9735[0;39m [2m[           main ][0;39m [32morg.quartz.core.QuartzScheduler[0;39m:547 [2m:[0;39m Scheduler quartzScheduler_$_NON_CLUSTERED started.
[2m2025-01-20 15:16:48.134[0;39m [[32m INFO[0;39m] [35m9735[0;39m [2m[           main ][0;39m [32mnet.mingsoft.MSApplication[0;39m:61 [2m:[0;39m Started MSApplication in 27.375 seconds (JVM running for 30.459)
[2m2025-01-20 15:17:30.639[0;39m [[32m INFO[0;39m] [35m9735[0;39m [2m[nio-8080-exec-1 ][0;39m [32morg.apache.catalina.core.ContainerBase.[Tomcat].[localhost].[/][0;39m:173 [2m:[0;39m Initializing Spring DispatcherServlet 'dispatcherServlet'
[2m2025-01-20 15:17:30.701[0;39m [[32m INFO[0;39m] [35m9735[0;39m [2m[nio-8080-exec-1 ][0;39m [32morg.apache.shiro.session.mgt.AbstractValidatingSessionManager[0;39m:233 [2m:[0;39m Enabling session validation scheduler...
[2m2025-01-20 15:18:51.204[0;39m [[33m WARN[0;39m] [35m9735[0;39m [2m[nio-8080-exec-6 ][0;39m [33morg.apache.ibatis.io.SerialFilterChecker[0;39m:45 [2m:[0;39m As you are using functionality that deserializes object streams, it is recommended to define the JEP-290 serial filter. Please refer to https://docs.oracle.com/pls/topic/lookup?ctx=javase15&id=GUID-8296D8E8-2B93-4B9A-856E-0A65AF9B8C66
[2m2025-01-20 15:19:01.834[0;39m [[32m INFO[0;39m] [35m9735[0;39m [2m[extShutdownHook ][0;39m [32morg.quartz.core.QuartzScheduler[0;39m:585 [2m:[0;39m Scheduler quartzScheduler_$_NON_CLUSTERED paused.
[2m2025-01-20 15:19:01.925[0;39m [[32m INFO[0;39m] [35m9735[0;39m [2m[extShutdownHook ][0;39m [32morg.quartz.core.QuartzScheduler[0;39m:666 [2m:[0;39m Scheduler quartzScheduler_$_NON_CLUSTERED shutting down.
[2m2025-01-20 15:19:01.926[0;39m [[32m INFO[0;39m] [35m9735[0;39m [2m[extShutdownHook ][0;39m [32morg.quartz.core.QuartzScheduler[0;39m:585 [2m:[0;39m Scheduler quartzScheduler_$_NON_CLUSTERED paused.
[2m2025-01-20 15:19:01.959[0;39m [[32m INFO[0;39m] [35m9735[0;39m [2m[extShutdownHook ][0;39m [32morg.quartz.core.QuartzScheduler[0;39m:740 [2m:[0;39m Scheduler quartzScheduler_$_NON_CLUSTERED shutdown complete.
[2m2025-01-20 15:19:02.085[0;39m [[32m INFO[0;39m] [35m9735[0;39m [2m[extShutdownHook ][0;39m [32mcom.alibaba.druid.pool.DruidDataSource[0;39m:2071 [2m:[0;39m {dataSource-1} closing ...
[2m2025-01-20 15:19:02.141[0;39m [[32m INFO[0;39m] [35m9735[0;39m [2m[extShutdownHook ][0;39m [32mcom.alibaba.druid.pool.DruidDataSource[0;39m:2144 [2m:[0;39m {dataSource-1} closed
[2m2025-01-20 15:19:23.412[0;39m [[32m INFO[0;39m] [35m10358[0;39m [2m[           main ][0;39m [32mnet.mingsoft.MSApplication[0;39m:55 [2m:[0;39m Starting MSApplication on web-virtual-machine with PID 10358 (/home/web/Desktop/Java-Sec/代码审计/MCMS-5.2.9/target/classes started by web in /home/web/Desktop/Java-Sec/代码审计/MCMS-5.2.9)
[2m2025-01-20 15:19:23.436[0;39m [[32m INFO[0;39m] [35m10358[0;39m [2m[           main ][0;39m [32mnet.mingsoft.MSApplication[0;39m:652 [2m:[0;39m The following profiles are active: dev
[2m2025-01-20 15:19:28.822[0;39m [[32m INFO[0;39m] [35m10358[0;39m [2m[           main ][0;39m [32mcom.alibaba.druid.spring.boot.autoconfigure.DruidDataSourceAutoConfigure[0;39m:56 [2m:[0;39m Init DruidDataSource
[2m2025-01-20 15:19:30.449[0;39m [[32m INFO[0;39m] [35m10358[0;39m [2m[           main ][0;39m [32mcom.alibaba.druid.pool.DruidDataSource[0;39m:998 [2m:[0;39m {dataSource-1} inited
[2m2025-01-20 15:19:31.576[0;39m [[33m WARN[0;39m] [35m10358[0;39m [2m[           main ][0;39m [33mcom.baomidou.mybatisplus.core.injector.AbstractMethod[0;39m:414 [2m:[0;39m [net.mingsoft.basic.dao.IManagerDao.delete] Has been loaded by XML or SqlProvider or Mybatis's Annotation, so ignoring this injection for [class com.baomidou.mybatisplus.core.injector.methods.Delete]
[2m2025-01-20 15:19:31.950[0;39m [[33m WARN[0;39m] [35m10358[0;39m [2m[           main ][0;39m [33mcom.baomidou.mybatisplus.core.injector.AbstractMethod[0;39m:414 [2m:[0;39m [net.mingsoft.basic.dao.IModelDao.delete] Has been loaded by XML or SqlProvider or Mybatis's Annotation, so ignoring this injection for [class com.baomidou.mybatisplus.core.injector.methods.Delete]
[2m2025-01-20 15:19:32.028[0;39m [[33m WARN[0;39m] [35m10358[0;39m [2m[           main ][0;39m [33mcom.baomidou.mybatisplus.core.metadata.TableInfoHelper[0;39m:342 [2m:[0;39m Can not find table primary key in Class: "net.mingsoft.basic.entity.RoleModelEntity".
[2m2025-01-20 15:19:32.029[0;39m [[33m WARN[0;39m] [35m10358[0;39m [2m[           main ][0;39m [33mcom.baomidou.mybatisplus.core.injector.DefaultSqlInjector[0;39m:56 [2m:[0;39m class net.mingsoft.basic.entity.RoleModelEntity ,Not found @TableId annotation, Cannot use Mybatis-Plus 'xxById' Method.
[2m2025-01-20 15:19:33.912[0;39m [[32m INFO[0;39m] [35m10358[0;39m [2m[           main ][0;39m [32morg.apache.coyote.http11.Http11NioProtocol[0;39m:173 [2m:[0;39m Initializing ProtocolHandler ["http-nio-8080"]
[2m2025-01-20 15:19:33.913[0;39m [[32m INFO[0;39m] [35m10358[0;39m [2m[           main ][0;39m [32morg.apache.catalina.core.StandardService[0;39m:173 [2m:[0;39m Starting service [Tomcat]
[2m2025-01-20 15:19:33.914[0;39m [[32m INFO[0;39m] [35m10358[0;39m [2m[           main ][0;39m [32morg.apache.catalina.core.StandardEngine[0;39m:173 [2m:[0;39m Starting Servlet engine: [Apache Tomcat/9.0.46]
[2m2025-01-20 15:19:34.043[0;39m [[32m INFO[0;39m] [35m10358[0;39m [2m[           main ][0;39m [32morg.apache.catalina.core.ContainerBase.[Tomcat].[localhost].[/][0;39m:173 [2m:[0;39m Initializing Spring embedded WebApplicationContext
[2m2025-01-20 15:19:35.469[0;39m [[33m WARN[0;39m] [35m10358[0;39m [2m[           main ][0;39m [33mcom.baomidou.mybatisplus.core.injector.AbstractMethod[0;39m:414 [2m:[0;39m [net.mingsoft.cms.dao.ICategoryDao.delete] Has been loaded by XML or SqlProvider or Mybatis's Annotation, so ignoring this injection for [class com.baomidou.mybatisplus.core.injector.methods.Delete]
[2m2025-01-20 15:19:35.611[0;39m [[33m WARN[0;39m] [35m10358[0;39m [2m[           main ][0;39m [33mcom.baomidou.mybatisplus.core.injector.AbstractMethod[0;39m:414 [2m:[0;39m [net.mingsoft.cms.dao.IContentDao.delete] Has been loaded by XML or SqlProvider or Mybatis's Annotation, so ignoring this injection for [class com.baomidou.mybatisplus.core.injector.methods.Delete]
[2m2025-01-20 15:19:36.321[0;39m [[33m WARN[0;39m] [35m10358[0;39m [2m[           main ][0;39m [33mcom.baomidou.mybatisplus.core.injector.AbstractMethod[0;39m:414 [2m:[0;39m [net.mingsoft.mdiy.dao.IModelDao.delete] Has been loaded by XML or SqlProvider or Mybatis's Annotation, so ignoring this injection for [class com.baomidou.mybatisplus.core.injector.methods.Delete]
[2m2025-01-20 15:19:36.684[0;39m [[33m WARN[0;39m] [35m10358[0;39m [2m[           main ][0;39m [33mcom.baomidou.mybatisplus.core.injector.AbstractMethod[0;39m:414 [2m:[0;39m [net.mingsoft.mdiy.dao.ITagDao.delete] Has been loaded by XML or SqlProvider or Mybatis's Annotation, so ignoring this injection for [class com.baomidou.mybatisplus.core.injector.methods.Delete]
[2m2025-01-20 15:19:38.894[0;39m [[33m WARN[0;39m] [35m10358[0;39m [2m[           main ][0;39m [33mcom.baomidou.mybatisplus.core.injector.AbstractMethod[0;39m:414 [2m:[0;39m [net.mingsoft.basic.dao.ILogDao.delete] Has been loaded by XML or SqlProvider or Mybatis's Annotation, so ignoring this injection for [class com.baomidou.mybatisplus.core.injector.methods.Delete]
[2m2025-01-20 15:19:39.781[0;39m [[33m WARN[0;39m] [35m10358[0;39m [2m[           main ][0;39m [33mcom.baomidou.mybatisplus.core.injector.AbstractMethod[0;39m:414 [2m:[0;39m [net.mingsoft.basic.dao.IRoleDao.delete] Has been loaded by XML or SqlProvider or Mybatis's Annotation, so ignoring this injection for [class com.baomidou.mybatisplus.core.injector.methods.Delete]
[2m2025-01-20 15:19:40.401[0;39m [[33m WARN[0;39m] [35m10358[0;39m [2m[           main ][0;39m [33mcom.baomidou.mybatisplus.core.injector.AbstractMethod[0;39m:414 [2m:[0;39m [net.mingsoft.basic.dao.ICityDao.delete] Has been loaded by XML or SqlProvider or Mybatis's Annotation, so ignoring this injection for [class com.baomidou.mybatisplus.core.injector.methods.Delete]
[2m2025-01-20 15:19:41.826[0;39m [[33m WARN[0;39m] [35m10358[0;39m [2m[           main ][0;39m [33mcom.baomidou.mybatisplus.core.injector.AbstractMethod[0;39m:414 [2m:[0;39m [net.mingsoft.mdiy.dao.IPageDao.delete] Has been loaded by XML or SqlProvider or Mybatis's Annotation, so ignoring this injection for [class com.baomidou.mybatisplus.core.injector.methods.Delete]
[2m2025-01-20 15:19:43.009[0;39m [[33m WARN[0;39m] [35m10358[0;39m [2m[           main ][0;39m [33mcom.baomidou.mybatisplus.core.injector.AbstractMethod[0;39m:414 [2m:[0;39m [net.mingsoft.mdiy.dao.IDictDao.delete] Has been loaded by XML or SqlProvider or Mybatis's Annotation, so ignoring this injection for [class com.baomidou.mybatisplus.core.injector.methods.Delete]
[2m2025-01-20 15:19:48.935[0;39m [[32m INFO[0;39m] [35m10358[0;39m [2m[           main ][0;39m [32morg.quartz.impl.StdSchedulerFactory[0;39m:1220 [2m:[0;39m Using default implementation for ThreadExecutor
[2m2025-01-20 15:19:48.975[0;39m [[32m INFO[0;39m] [35m10358[0;39m [2m[           main ][0;39m [32morg.quartz.core.SchedulerSignalerImpl[0;39m:61 [2m:[0;39m Initialized Scheduler Signaller of type: class org.quartz.core.SchedulerSignalerImpl
[2m2025-01-20 15:19:48.976[0;39m [[32m INFO[0;39m] [35m10358[0;39m [2m[           main ][0;39m [32morg.quartz.core.QuartzScheduler[0;39m:229 [2m:[0;39m Quartz Scheduler v.2.3.2 created.
[2m2025-01-20 15:19:48.978[0;39m [[32m INFO[0;39m] [35m10358[0;39m [2m[           main ][0;39m [32morg.quartz.simpl.RAMJobStore[0;39m:155 [2m:[0;39m RAMJobStore initialized.
[2m2025-01-20 15:19:48.980[0;39m [[32m INFO[0;39m] [35m10358[0;39m [2m[           main ][0;39m [32morg.quartz.core.QuartzScheduler[0;39m:294 [2m:[0;39m Scheduler meta-data: Quartz Scheduler (v2.3.2) 'quartzScheduler' with instanceId 'NON_CLUSTERED'
  Scheduler class: 'org.quartz.core.QuartzScheduler' - running locally.
  NOT STARTED.
  Currently in standby mode.
  Number of jobs executed: 0
  Using thread pool 'org.quartz.simpl.SimpleThreadPool' - with 10 threads.
  Using job-store 'org.quartz.simpl.RAMJobStore' - which does not support persistence. and is not clustered.

[2m2025-01-20 15:19:48.980[0;39m [[32m INFO[0;39m] [35m10358[0;39m [2m[           main ][0;39m [32morg.quartz.impl.StdSchedulerFactory[0;39m:1374 [2m:[0;39m Quartz scheduler 'quartzScheduler' initialized from an externally provided properties instance.
[2m2025-01-20 15:19:48.981[0;39m [[32m INFO[0;39m] [35m10358[0;39m [2m[           main ][0;39m [32morg.quartz.impl.StdSchedulerFactory[0;39m:1378 [2m:[0;39m Quartz scheduler version: 2.3.2
[2m2025-01-20 15:19:48.981[0;39m [[32m INFO[0;39m] [35m10358[0;39m [2m[           main ][0;39m [32morg.quartz.core.QuartzScheduler[0;39m:2293 [2m:[0;39m JobFactory set to: org.springframework.scheduling.quartz.SpringBeanJobFactory@55a66bbf
[2m2025-01-20 15:19:49.657[0;39m [[32m INFO[0;39m] [35m10358[0;39m [2m[           main ][0;39m [32morg.apache.coyote.http11.Http11NioProtocol[0;39m:173 [2m:[0;39m Starting ProtocolHandler ["http-nio-8080"]
[2m2025-01-20 15:19:49.693[0;39m [[32m INFO[0;39m] [35m10358[0;39m [2m[           main ][0;39m [32morg.quartz.core.QuartzScheduler[0;39m:547 [2m:[0;39m Scheduler quartzScheduler_$_NON_CLUSTERED started.
[2m2025-01-20 15:19:49.732[0;39m [[32m INFO[0;39m] [35m10358[0;39m [2m[           main ][0;39m [32mnet.mingsoft.MSApplication[0;39m:61 [2m:[0;39m Started MSApplication in 27.891 seconds (JVM running for 30.236)
[2m2025-01-20 15:19:50.173[0;39m [[32m INFO[0;39m] [35m10358[0;39m [2m[nio-8080-exec-1 ][0;39m [32morg.apache.catalina.core.ContainerBase.[Tomcat].[localhost].[/][0;39m:173 [2m:[0;39m Initializing Spring DispatcherServlet 'dispatcherServlet'
[2m2025-01-20 15:19:50.333[0;39m [[32m INFO[0;39m] [35m10358[0;39m [2m[nio-8080-exec-1 ][0;39m [32morg.apache.shiro.session.mgt.AbstractValidatingSessionManager[0;39m:233 [2m:[0;39m Enabling session validation scheduler...
[2m2025-01-20 15:19:50.588[0;39m [[33m WARN[0;39m] [35m10358[0;39m [2m[nio-8080-exec-1 ][0;39m [33morg.apache.shiro.mgt.AbstractRememberMeManager[0;39m:449 [2m:[0;39m There was a failure while trying to retrieve remembered principals.  This could be due to a configuration problem or corrupted principals.  This could also be due to a recently changed encryption key, if you are using a shiro.ini file, this property would be 'securityManager.rememberMeManager.cipherKey' see: http://shiro.apache.org/web.html#Web-RememberMeServices. The remembered identity will be forgotten and not used for this request.
[2m2025-01-20 15:19:50.602[0;39m [[33m WARN[0;39m] [35m10358[0;39m [2m[nio-8080-exec-1 ][0;39m [33morg.apache.shiro.mgt.DefaultSecurityManager[0;39m:618 [2m:[0;39m Delegate RememberMeManager instance of type [org.apache.shiro.web.mgt.CookieRememberMeManager] threw an exception during getRememberedPrincipals().

org.apache.shiro.crypto.CryptoException: Unable to execute 'doFinal' with cipher instance [javax.crypto.Cipher@65aa8d9d].
	at org.apache.shiro.crypto.JcaCipherService.crypt(JcaCipherService.java:462) ~[shiro-all-1.9.1.jar:?]
	at org.apache.shiro.crypto.JcaCipherService.crypt(JcaCipherService.java:445) ~[shiro-all-1.9.1.jar:?]
	at org.apache.shiro.crypto.JcaCipherService.decrypt(JcaCipherService.java:390) ~[shiro-all-1.9.1.jar:?]
	at org.apache.shiro.crypto.JcaCipherService.decrypt(JcaCipherService.java:382) ~[shiro-all-1.9.1.jar:?]
	at org.apache.shiro.mgt.AbstractRememberMeManager.decrypt(AbstractRememberMeManager.java:482) ~[shiro-all-1.9.1.jar:?]
	at org.apache.shiro.mgt.AbstractRememberMeManager.convertBytesToPrincipals(AbstractRememberMeManager.java:419) ~[shiro-all-1.9.1.jar:?]
	at org.apache.shiro.mgt.AbstractRememberMeManager.getRememberedPrincipals(AbstractRememberMeManager.java:386) ~[shiro-all-1.9.1.jar:?]
	at org.apache.shiro.mgt.DefaultSecurityManager.getRememberedIdentity(DefaultSecurityManager.java:613) ~[shiro-all-1.9.1.jar:?]
	at org.apache.shiro.mgt.DefaultSecurityManager.resolvePrincipals(DefaultSecurityManager.java:501) ~[shiro-all-1.9.1.jar:?]
	at org.apache.shiro.mgt.DefaultSecurityManager.createSubject(DefaultSecurityManager.java:347) ~[shiro-all-1.9.1.jar:?]
	at org.apache.shiro.subject.Subject$Builder.buildSubject(Subject.java:845) ~[shiro-all-1.9.1.jar:?]
	at org.apache.shiro.web.subject.WebSubject$Builder.buildWebSubject(WebSubject.java:148) ~[shiro-all-1.9.1.jar:?]
	at org.apache.shiro.web.servlet.AbstractShiroFilter.createSubject(AbstractShiroFilter.java:292) ~[shiro-all-1.9.1.jar:?]
	at org.apache.shiro.web.servlet.AbstractShiroFilter.doFilterInternal(AbstractShiroFilter.java:359) ~[shiro-all-1.9.1.jar:?]
	at org.apache.shiro.web.servlet.OncePerRequestFilter.doFilter(OncePerRequestFilter.java:125) ~[shiro-all-1.9.1.jar:?]
	at org.apache.catalina.core.ApplicationFilterChain.internalDoFilter(ApplicationFilterChain.java:189) ~[tomcat-embed-core-9.0.46.jar:9.0.46]
	at org.apache.catalina.core.ApplicationFilterChain.doFilter(ApplicationFilterChain.java:162) ~[tomcat-embed-core-9.0.46.jar:9.0.46]
	at org.springframework.web.filter.RequestContextFilter.doFilterInternal(RequestContextFilter.java:100) ~[spring-web-5.2.15.RELEASE.jar:5.2.15.RELEASE]
	at org.springframework.web.filter.OncePerRequestFilter.doFilter(OncePerRequestFilter.java:119) ~[spring-web-5.2.15.RELEASE.jar:5.2.15.RELEASE]
	at org.apache.catalina.core.ApplicationFilterChain.internalDoFilter(ApplicationFilterChain.java:189) ~[tomcat-embed-core-9.0.46.jar:9.0.46]
	at org.apache.catalina.core.ApplicationFilterChain.doFilter(ApplicationFilterChain.java:162) ~[tomcat-embed-core-9.0.46.jar:9.0.46]
	at org.springframework.web.filter.FormContentFilter.doFilterInternal(FormContentFilter.java:93) ~[spring-web-5.2.15.RELEASE.jar:5.2.15.RELEASE]
	at org.springframework.web.filter.OncePerRequestFilter.doFilter(OncePerRequestFilter.java:119) ~[spring-web-5.2.15.RELEASE.jar:5.2.15.RELEASE]
	at org.apache.catalina.core.ApplicationFilterChain.internalDoFilter(ApplicationFilterChain.java:189) ~[tomcat-embed-core-9.0.46.jar:9.0.46]
	at org.apache.catalina.core.ApplicationFilterChain.doFilter(ApplicationFilterChain.java:162) ~[tomcat-embed-core-9.0.46.jar:9.0.46]
	at org.springframework.boot.actuate.metrics.web.servlet.WebMvcMetricsFilter.doFilterInternal(WebMvcMetricsFilter.java:97) ~[spring-boot-actuator-2.3.12.RELEASE.jar:2.3.12.RELEASE]
	at org.springframework.web.filter.OncePerRequestFilter.doFilter(OncePerRequestFilter.java:119) ~[spring-web-5.2.15.RELEASE.jar:5.2.15.RELEASE]
	at org.apache.catalina.core.ApplicationFilterChain.internalDoFilter(ApplicationFilterChain.java:189) ~[tomcat-embed-core-9.0.46.jar:9.0.46]
	at org.apache.catalina.core.ApplicationFilterChain.doFilter(ApplicationFilterChain.java:162) ~[tomcat-embed-core-9.0.46.jar:9.0.46]
	at org.springframework.web.filter.CharacterEncodingFilter.doFilterInternal(CharacterEncodingFilter.java:201) ~[spring-web-5.2.15.RELEASE.jar:5.2.15.RELEASE]
	at org.springframework.web.filter.OncePerRequestFilter.doFilter(OncePerRequestFilter.java:119) ~[spring-web-5.2.15.RELEASE.jar:5.2.15.RELEASE]
	at org.apache.catalina.core.ApplicationFilterChain.internalDoFilter(ApplicationFilterChain.java:189) ~[tomcat-embed-core-9.0.46.jar:9.0.46]
	at org.apache.catalina.core.ApplicationFilterChain.doFilter(ApplicationFilterChain.java:162) ~[tomcat-embed-core-9.0.46.jar:9.0.46]
	at net.mingsoft.basic.filter.XSSEscapeFilter.doFilter(XSSEscapeFilter.java:58) ~[ms-basic-2.1.14.1.jar:2.1.14.1]
	at org.apache.catalina.core.ApplicationFilterChain.internalDoFilter(ApplicationFilterChain.java:189) ~[tomcat-embed-core-9.0.46.jar:9.0.46]
	at org.apache.catalina.core.ApplicationFilterChain.doFilter(ApplicationFilterChain.java:162) ~[tomcat-embed-core-9.0.46.jar:9.0.46]
	at org.apache.catalina.core.StandardWrapperValve.invoke(StandardWrapperValve.java:202) ~[tomcat-embed-core-9.0.46.jar:9.0.46]
	at org.apache.catalina.core.StandardContextValve.invoke(StandardContextValve.java:97) ~[tomcat-embed-core-9.0.46.jar:9.0.46]
	at org.apache.catalina.authenticator.AuthenticatorBase.invoke(AuthenticatorBase.java:542) ~[tomcat-embed-core-9.0.46.jar:9.0.46]
	at org.apache.catalina.core.StandardHostValve.invoke(StandardHostValve.java:143) ~[tomcat-embed-core-9.0.46.jar:9.0.46]
	at org.apache.catalina.valves.ErrorReportValve.invoke(ErrorReportValve.java:92) ~[tomcat-embed-core-9.0.46.jar:9.0.46]
	at org.apache.catalina.core.StandardEngineValve.invoke(StandardEngineValve.java:78) ~[tomcat-embed-core-9.0.46.jar:9.0.46]
	at org.apache.catalina.connector.CoyoteAdapter.service(CoyoteAdapter.java:357) ~[tomcat-embed-core-9.0.46.jar:9.0.46]
	at org.apache.coyote.http11.Http11Processor.service(Http11Processor.java:374) ~[tomcat-embed-core-9.0.46.jar:9.0.46]
	at org.apache.coyote.AbstractProcessorLight.process(AbstractProcessorLight.java:65) ~[tomcat-embed-core-9.0.46.jar:9.0.46]
	at org.apache.coyote.AbstractProtocol$ConnectionHandler.process(AbstractProtocol.java:893) ~[tomcat-embed-core-9.0.46.jar:9.0.46]
	at org.apache.tomcat.util.net.NioEndpoint$SocketProcessor.doRun(NioEndpoint.java:1707) ~[tomcat-embed-core-9.0.46.jar:9.0.46]
	at org.apache.tomcat.util.net.SocketProcessorBase.run(SocketProcessorBase.java:49) ~[tomcat-embed-core-9.0.46.jar:9.0.46]
	at java.util.concurrent.ThreadPoolExecutor.runWorker(ThreadPoolExecutor.java:1142) ~[?:1.8.0_65]
	at java.util.concurrent.ThreadPoolExecutor$Worker.run(ThreadPoolExecutor.java:617) ~[?:1.8.0_65]
	at org.apache.tomcat.util.threads.TaskThread$WrappingRunnable.run(TaskThread.java:61) ~[tomcat-embed-core-9.0.46.jar:9.0.46]
	at java.lang.Thread.run(Thread.java:745) ~[?:1.8.0_65]
Caused by: javax.crypto.AEADBadTagException: Tag mismatch!
	at com.sun.crypto.provider.GaloisCounterMode.decryptFinal(GaloisCounterMode.java:524) ~[sunjce_provider.jar:1.8.0_60]
	at com.sun.crypto.provider.CipherCore.finalNoPadding(CipherCore.java:1023) ~[sunjce_provider.jar:1.8.0_60]
	at com.sun.crypto.provider.CipherCore.doFinal(CipherCore.java:960) ~[sunjce_provider.jar:1.8.0_60]
	at com.sun.crypto.provider.CipherCore.doFinal(CipherCore.java:824) ~[sunjce_provider.jar:1.8.0_60]
	at com.sun.crypto.provider.AESCipher.engineDoFinal(AESCipher.java:436) ~[sunjce_provider.jar:1.8.0_60]
	at javax.crypto.Cipher.doFinal(Cipher.java:2165) ~[?:1.8.0_60]
	at org.apache.shiro.crypto.JcaCipherService.crypt(JcaCipherService.java:459) ~[shiro-all-1.9.1.jar:?]
	... 51 more

[2m2025-01-20 15:20:02.145[0;39m [[33m WARN[0;39m] [35m10358[0;39m [2m[nio-8080-exec-5 ][0;39m [33morg.apache.ibatis.io.SerialFilterChecker[0;39m:45 [2m:[0;39m As you are using functionality that deserializes object streams, it is recommended to define the JEP-290 serial filter. Please refer to https://docs.oracle.com/pls/topic/lookup?ctx=javase15&id=GUID-8296D8E8-2B93-4B9A-856E-0A65AF9B8C66
[2m2025-01-20 16:19:50.344[0;39m [[32m INFO[0;39m] [35m10358[0;39m [2m[idationThread-1 ][0;39m [32morg.apache.shiro.session.mgt.AbstractValidatingSessionManager[0;39m:275 [2m:[0;39m Validating all active sessions...
[2m2025-01-20 16:19:50.351[0;39m [[32m INFO[0;39m] [35m10358[0;39m [2m[idationThread-1 ][0;39m [32morg.apache.shiro.session.mgt.AbstractValidatingSessionManager[0;39m:308 [2m:[0;39m Finished session validation.  [1] sessions were stopped.
[2m2025-01-20 17:19:50.342[0;39m [[32m INFO[0;39m] [35m10358[0;39m [2m[idationThread-1 ][0;39m [32morg.apache.shiro.session.mgt.AbstractValidatingSessionManager[0;39m:275 [2m:[0;39m Validating all active sessions...
[2m2025-01-20 17:19:50.348[0;39m [[32m INFO[0;39m] [35m10358[0;39m [2m[idationThread-1 ][0;39m [32morg.apache.shiro.session.mgt.AbstractValidatingSessionManager[0;39m:308 [2m:[0;39m Finished session validation.  No sessions were stopped.
[2m2025-01-20 18:19:50.342[0;39m [[32m INFO[0;39m] [35m10358[0;39m [2m[idationThread-1 ][0;39m [32morg.apache.shiro.session.mgt.AbstractValidatingSessionManager[0;39m:275 [2m:[0;39m Validating all active sessions...
[2m2025-01-20 18:19:50.346[0;39m [[32m INFO[0;39m] [35m10358[0;39m [2m[idationThread-1 ][0;39m [32morg.apache.shiro.session.mgt.AbstractValidatingSessionManager[0;39m:308 [2m:[0;39m Finished session validation.  [1] sessions were stopped.
[2m2025-01-20 19:19:50.341[0;39m [[32m INFO[0;39m] [35m10358[0;39m [2m[idationThread-1 ][0;39m [32morg.apache.shiro.session.mgt.AbstractValidatingSessionManager[0;39m:275 [2m:[0;39m Validating all active sessions...
[2m2025-01-20 19:19:50.342[0;39m [[32m INFO[0;39m] [35m10358[0;39m [2m[idationThread-1 ][0;39m [32morg.apache.shiro.session.mgt.AbstractValidatingSessionManager[0;39m:308 [2m:[0;39m Finished session validation.  No sessions were stopped.
[2m2025-01-20 20:19:50.341[0;39m [[32m INFO[0;39m] [35m10358[0;39m [2m[idationThread-1 ][0;39m [32morg.apache.shiro.session.mgt.AbstractValidatingSessionManager[0;39m:275 [2m:[0;39m Validating all active sessions...
[2m2025-01-20 20:19:50.342[0;39m [[32m INFO[0;39m] [35m10358[0;39m [2m[idationThread-1 ][0;39m [32morg.apache.shiro.session.mgt.AbstractValidatingSessionManager[0;39m:308 [2m:[0;39m Finished session validation.  No sessions were stopped.
[2m2025-01-20 20:52:28.195[0;39m [[31mERROR[0;39m] [35m10358[0;39m [2m[nio-8080-exec-5 ][0;39m [31mfreemarker.runtime[0;39m:60 [2m:[0;39m Error executing FreeMarker template

freemarker.core._MiscTemplateException: Instantiating freemarker.template.utility.Execute is not allowed in the template for security reasons.

----
FTL stack trace ("~" means nesting-related):
	- Failed at: #assign value = "freemarker.template...  [in template "ms:custom:search.htm" at line 10, column 5]
----
	at freemarker.core._MessageUtil.newInstantiatingClassNotAllowedException(_MessageUtil.java:302) ~[freemarker-2.3.31.jar:2.3.31]
	at freemarker.core.TemplateClassResolver$3.resolve(TemplateClassResolver.java:90) ~[freemarker-2.3.31.jar:2.3.31]
	at freemarker.core.NewBI$ConstructorFunction.<init>(NewBI.java:61) ~[freemarker-2.3.31.jar:2.3.31]
	at freemarker.core.NewBI._eval(NewBI.java:51) ~[freemarker-2.3.31.jar:2.3.31]
	at freemarker.core.Expression.eval(Expression.java:101) ~[freemarker-2.3.31.jar:2.3.31]
	at freemarker.core.MethodCall._eval(MethodCall.java:55) ~[freemarker-2.3.31.jar:2.3.31]
	at freemarker.core.Expression.eval(Expression.java:101) ~[freemarker-2.3.31.jar:2.3.31]
	at freemarker.core.Assignment.accept(Assignment.java:134) ~[freemarker-2.3.31.jar:2.3.31]
	at freemarker.core.Environment.visit(Environment.java:347) ~[freemarker-2.3.31.jar:2.3.31]
	at freemarker.core.Environment.visit(Environment.java:353) ~[freemarker-2.3.31.jar:2.3.31]
	at freemarker.core.Environment.process(Environment.java:326) ~[freemarker-2.3.31.jar:2.3.31]
	at freemarker.template.Template.process(Template.java:383) ~[freemarker-2.3.31.jar:2.3.31]
	at net.mingsoft.mdiy.util.ParserUtil.rendering(ParserUtil.java:409) ~[ms-mdiy-2.1.14.1.jar:2.1.14.1]
	at net.mingsoft.cms.action.web.MCmsAction.search(MCmsAction.java:299) ~[classes/:?]
	at sun.reflect.NativeMethodAccessorImpl.invoke0(Native Method) ~[?:1.8.0_65]
	at sun.reflect.NativeMethodAccessorImpl.invoke(NativeMethodAccessorImpl.java:62) ~[?:1.8.0_65]
	at sun.reflect.DelegatingMethodAccessorImpl.invoke(DelegatingMethodAccessorImpl.java:43) ~[?:1.8.0_65]
	at java.lang.reflect.Method.invoke(Method.java:497) ~[?:1.8.0_65]
	at org.springframework.web.method.support.InvocableHandlerMethod.doInvoke(InvocableHandlerMethod.java:190) ~[spring-web-5.2.15.RELEASE.jar:5.2.15.RELEASE]
	at org.springframework.web.method.support.InvocableHandlerMethod.invokeForRequest(InvocableHandlerMethod.java:138) ~[spring-web-5.2.15.RELEASE.jar:5.2.15.RELEASE]
	at org.springframework.web.servlet.mvc.method.annotation.ServletInvocableHandlerMethod.invokeAndHandle(ServletInvocableHandlerMethod.java:105) ~[spring-webmvc-5.2.15.RELEASE.jar:5.2.15.RELEASE]
	at org.springframework.web.servlet.mvc.method.annotation.RequestMappingHandlerAdapter.invokeHandlerMethod(RequestMappingHandlerAdapter.java:878) ~[spring-webmvc-5.2.15.RELEASE.jar:5.2.15.RELEASE]
	at org.springframework.web.servlet.mvc.method.annotation.RequestMappingHandlerAdapter.handleInternal(RequestMappingHandlerAdapter.java:792) ~[spring-webmvc-5.2.15.RELEASE.jar:5.2.15.RELEASE]
	at org.springframework.web.servlet.mvc.method.AbstractHandlerMethodAdapter.handle(AbstractHandlerMethodAdapter.java:87) ~[spring-webmvc-5.2.15.RELEASE.jar:5.2.15.RELEASE]
	at org.springframework.web.servlet.DispatcherServlet.doDispatch(DispatcherServlet.java:1040) ~[spring-webmvc-5.2.15.RELEASE.jar:5.2.15.RELEASE]
	at org.springframework.web.servlet.DispatcherServlet.doService(DispatcherServlet.java:943) ~[spring-webmvc-5.2.15.RELEASE.jar:5.2.15.RELEASE]
	at org.springframework.web.servlet.FrameworkServlet.processRequest(FrameworkServlet.java:1006) ~[spring-webmvc-5.2.15.RELEASE.jar:5.2.15.RELEASE]
	at org.springframework.web.servlet.FrameworkServlet.doGet(FrameworkServlet.java:898) ~[spring-webmvc-5.2.15.RELEASE.jar:5.2.15.RELEASE]
	at javax.servlet.http.HttpServlet.service(HttpServlet.java:645) ~[javax.servlet-api-4.0.1.jar:4.0.1]
	at org.springframework.web.servlet.FrameworkServlet.service(FrameworkServlet.java:883) ~[spring-webmvc-5.2.15.RELEASE.jar:5.2.15.RELEASE]
	at javax.servlet.http.HttpServlet.service(HttpServlet.java:750) ~[javax.servlet-api-4.0.1.jar:4.0.1]
	at org.apache.catalina.core.ApplicationFilterChain.internalDoFilter(ApplicationFilterChain.java:227) ~[tomcat-embed-core-9.0.46.jar:9.0.46]
	at org.apache.catalina.core.ApplicationFilterChain.doFilter(ApplicationFilterChain.java:162) ~[tomcat-embed-core-9.0.46.jar:9.0.46]
	at org.apache.tomcat.websocket.server.WsFilter.doFilter(WsFilter.java:53) ~[tomcat-embed-websocket-9.0.46.jar:9.0.46]
	at org.apache.catalina.core.ApplicationFilterChain.internalDoFilter(ApplicationFilterChain.java:189) ~[tomcat-embed-core-9.0.46.jar:9.0.46]
	at org.apache.catalina.core.ApplicationFilterChain.doFilter(ApplicationFilterChain.java:162) ~[tomcat-embed-core-9.0.46.jar:9.0.46]
	at org.apache.shiro.web.servlet.ProxiedFilterChain.doFilter(ProxiedFilterChain.java:61) ~[shiro-all-1.9.1.jar:?]
	at org.apache.shiro.web.servlet.AdviceFilter.executeChain(AdviceFilter.java:108) ~[shiro-all-1.9.1.jar:?]
	at org.apache.shiro.web.servlet.AdviceFilter.doFilterInternal(AdviceFilter.java:137) ~[shiro-all-1.9.1.jar:?]
	at org.apache.shiro.web.servlet.OncePerRequestFilter.doFilter(OncePerRequestFilter.java:125) ~[shiro-all-1.9.1.jar:?]
	at org.apache.shiro.web.servlet.ProxiedFilterChain.doFilter(ProxiedFilterChain.java:66) ~[shiro-all-1.9.1.jar:?]
	at org.apache.shiro.web.servlet.AbstractShiroFilter.executeChain(AbstractShiroFilter.java:450) ~[shiro-all-1.9.1.jar:?]
	at org.apache.shiro.web.servlet.AbstractShiroFilter$1.call(AbstractShiroFilter.java:365) ~[shiro-all-1.9.1.jar:?]
	at org.apache.shiro.subject.support.SubjectCallable.doCall(SubjectCallable.java:90) ~[shiro-all-1.9.1.jar:?]
	at org.apache.shiro.subject.support.SubjectCallable.call(SubjectCallable.java:83) ~[shiro-all-1.9.1.jar:?]
	at org.apache.shiro.subject.support.DelegatingSubject.execute(DelegatingSubject.java:387) ~[shiro-all-1.9.1.jar:?]
	at org.apache.shiro.web.servlet.AbstractShiroFilter.doFilterInternal(AbstractShiroFilter.java:362) ~[shiro-all-1.9.1.jar:?]
	at org.apache.shiro.web.servlet.OncePerRequestFilter.doFilter(OncePerRequestFilter.java:125) ~[shiro-all-1.9.1.jar:?]
	at org.apache.catalina.core.ApplicationFilterChain.internalDoFilter(ApplicationFilterChain.java:189) ~[tomcat-embed-core-9.0.46.jar:9.0.46]
	at org.apache.catalina.core.ApplicationFilterChain.doFilter(ApplicationFilterChain.java:162) ~[tomcat-embed-core-9.0.46.jar:9.0.46]
	at org.springframework.web.filter.RequestContextFilter.doFilterInternal(RequestContextFilter.java:100) ~[spring-web-5.2.15.RELEASE.jar:5.2.15.RELEASE]
	at org.springframework.web.filter.OncePerRequestFilter.doFilter(OncePerRequestFilter.java:119) ~[spring-web-5.2.15.RELEASE.jar:5.2.15.RELEASE]
	at org.apache.catalina.core.ApplicationFilterChain.internalDoFilter(ApplicationFilterChain.java:189) ~[tomcat-embed-core-9.0.46.jar:9.0.46]
	at org.apache.catalina.core.ApplicationFilterChain.doFilter(ApplicationFilterChain.java:162) ~[tomcat-embed-core-9.0.46.jar:9.0.46]
	at org.springframework.web.filter.FormContentFilter.doFilterInternal(FormContentFilter.java:93) ~[spring-web-5.2.15.RELEASE.jar:5.2.15.RELEASE]
	at org.springframework.web.filter.OncePerRequestFilter.doFilter(OncePerRequestFilter.java:119) ~[spring-web-5.2.15.RELEASE.jar:5.2.15.RELEASE]
	at org.apache.catalina.core.ApplicationFilterChain.internalDoFilter(ApplicationFilterChain.java:189) ~[tomcat-embed-core-9.0.46.jar:9.0.46]
	at org.apache.catalina.core.ApplicationFilterChain.doFilter(ApplicationFilterChain.java:162) ~[tomcat-embed-core-9.0.46.jar:9.0.46]
	at org.springframework.boot.actuate.metrics.web.servlet.WebMvcMetricsFilter.doFilterInternal(WebMvcMetricsFilter.java:97) ~[spring-boot-actuator-2.3.12.RELEASE.jar:2.3.12.RELEASE]
	at org.springframework.web.filter.OncePerRequestFilter.doFilter(OncePerRequestFilter.java:119) ~[spring-web-5.2.15.RELEASE.jar:5.2.15.RELEASE]
	at org.apache.catalina.core.ApplicationFilterChain.internalDoFilter(ApplicationFilterChain.java:189) ~[tomcat-embed-core-9.0.46.jar:9.0.46]
	at org.apache.catalina.core.ApplicationFilterChain.doFilter(ApplicationFilterChain.java:162) ~[tomcat-embed-core-9.0.46.jar:9.0.46]
	at org.springframework.web.filter.CharacterEncodingFilter.doFilterInternal(CharacterEncodingFilter.java:201) ~[spring-web-5.2.15.RELEASE.jar:5.2.15.RELEASE]
	at org.springframework.web.filter.OncePerRequestFilter.doFilter(OncePerRequestFilter.java:119) ~[spring-web-5.2.15.RELEASE.jar:5.2.15.RELEASE]
	at org.apache.catalina.core.ApplicationFilterChain.internalDoFilter(ApplicationFilterChain.java:189) ~[tomcat-embed-core-9.0.46.jar:9.0.46]
	at org.apache.catalina.core.ApplicationFilterChain.doFilter(ApplicationFilterChain.java:162) ~[tomcat-embed-core-9.0.46.jar:9.0.46]
	at net.mingsoft.basic.filter.XSSEscapeFilter.doFilter(XSSEscapeFilter.java:58) ~[ms-basic-2.1.14.1.jar:2.1.14.1]
	at org.apache.catalina.core.ApplicationFilterChain.internalDoFilter(ApplicationFilterChain.java:189) ~[tomcat-embed-core-9.0.46.jar:9.0.46]
	at org.apache.catalina.core.ApplicationFilterChain.doFilter(ApplicationFilterChain.java:162) ~[tomcat-embed-core-9.0.46.jar:9.0.46]
	at org.apache.catalina.core.StandardWrapperValve.invoke(StandardWrapperValve.java:202) ~[tomcat-embed-core-9.0.46.jar:9.0.46]
	at org.apache.catalina.core.StandardContextValve.invoke(StandardContextValve.java:97) ~[tomcat-embed-core-9.0.46.jar:9.0.46]
	at org.apache.catalina.authenticator.AuthenticatorBase.invoke(AuthenticatorBase.java:542) ~[tomcat-embed-core-9.0.46.jar:9.0.46]
	at org.apache.catalina.core.StandardHostValve.invoke(StandardHostValve.java:143) ~[tomcat-embed-core-9.0.46.jar:9.0.46]
	at org.apache.catalina.valves.ErrorReportValve.invoke(ErrorReportValve.java:92) ~[tomcat-embed-core-9.0.46.jar:9.0.46]
	at org.apache.catalina.core.StandardEngineValve.invoke(StandardEngineValve.java:78) ~[tomcat-embed-core-9.0.46.jar:9.0.46]
	at org.apache.catalina.connector.CoyoteAdapter.service(CoyoteAdapter.java:357) ~[tomcat-embed-core-9.0.46.jar:9.0.46]
	at org.apache.coyote.http11.Http11Processor.service(Http11Processor.java:374) ~[tomcat-embed-core-9.0.46.jar:9.0.46]
	at org.apache.coyote.AbstractProcessorLight.process(AbstractProcessorLight.java:65) ~[tomcat-embed-core-9.0.46.jar:9.0.46]
	at org.apache.coyote.AbstractProtocol$ConnectionHandler.process(AbstractProtocol.java:893) ~[tomcat-embed-core-9.0.46.jar:9.0.46]
	at org.apache.tomcat.util.net.NioEndpoint$SocketProcessor.doRun(NioEndpoint.java:1707) ~[tomcat-embed-core-9.0.46.jar:9.0.46]
	at org.apache.tomcat.util.net.SocketProcessorBase.run(SocketProcessorBase.java:49) ~[tomcat-embed-core-9.0.46.jar:9.0.46]
	at java.util.concurrent.ThreadPoolExecutor.runWorker(ThreadPoolExecutor.java:1142) ~[?:1.8.0_65]
	at java.util.concurrent.ThreadPoolExecutor$Worker.run(ThreadPoolExecutor.java:617) ~[?:1.8.0_65]
	at org.apache.tomcat.util.threads.TaskThread$WrappingRunnable.run(TaskThread.java:61) ~[tomcat-embed-core-9.0.46.jar:9.0.46]
	at java.lang.Thread.run(Thread.java:745) ~[?:1.8.0_65]

[2m2025-01-20 20:52:28.256[0;39m [[31mERROR[0;39m] [35m10358[0;39m [2m[nio-8080-exec-5 ][0;39m [31mnet.mingsoft.mdiy.util.ParserUtil[0;39m:412 [2m:[0;39m 渲染错误

freemarker.core._MiscTemplateException: Instantiating freemarker.template.utility.Execute is not allowed in the template for security reasons.

----
FTL stack trace ("~" means nesting-related):
	- Failed at: #assign value = "freemarker.template...  [in template "ms:custom:search.htm" at line 10, column 5]
----
	at freemarker.core._MessageUtil.newInstantiatingClassNotAllowedException(_MessageUtil.java:302) ~[freemarker-2.3.31.jar:2.3.31]
	at freemarker.core.TemplateClassResolver$3.resolve(TemplateClassResolver.java:90) ~[freemarker-2.3.31.jar:2.3.31]
	at freemarker.core.NewBI$ConstructorFunction.<init>(NewBI.java:61) ~[freemarker-2.3.31.jar:2.3.31]
	at freemarker.core.NewBI._eval(NewBI.java:51) ~[freemarker-2.3.31.jar:2.3.31]
	at freemarker.core.Expression.eval(Expression.java:101) ~[freemarker-2.3.31.jar:2.3.31]
	at freemarker.core.MethodCall._eval(MethodCall.java:55) ~[freemarker-2.3.31.jar:2.3.31]
	at freemarker.core.Expression.eval(Expression.java:101) ~[freemarker-2.3.31.jar:2.3.31]
	at freemarker.core.Assignment.accept(Assignment.java:134) ~[freemarker-2.3.31.jar:2.3.31]
	at freemarker.core.Environment.visit(Environment.java:347) ~[freemarker-2.3.31.jar:2.3.31]
	at freemarker.core.Environment.visit(Environment.java:353) ~[freemarker-2.3.31.jar:2.3.31]
	at freemarker.core.Environment.process(Environment.java:326) ~[freemarker-2.3.31.jar:2.3.31]
	at freemarker.template.Template.process(Template.java:383) ~[freemarker-2.3.31.jar:2.3.31]
	at net.mingsoft.mdiy.util.ParserUtil.rendering(ParserUtil.java:409) ~[ms-mdiy-2.1.14.1.jar:2.1.14.1]
	at net.mingsoft.cms.action.web.MCmsAction.search(MCmsAction.java:299) ~[classes/:?]
	at sun.reflect.NativeMethodAccessorImpl.invoke0(Native Method) ~[?:1.8.0_65]
	at sun.reflect.NativeMethodAccessorImpl.invoke(NativeMethodAccessorImpl.java:62) ~[?:1.8.0_65]
	at sun.reflect.DelegatingMethodAccessorImpl.invoke(DelegatingMethodAccessorImpl.java:43) ~[?:1.8.0_65]
	at java.lang.reflect.Method.invoke(Method.java:497) ~[?:1.8.0_65]
	at org.springframework.web.method.support.InvocableHandlerMethod.doInvoke(InvocableHandlerMethod.java:190) ~[spring-web-5.2.15.RELEASE.jar:5.2.15.RELEASE]
	at org.springframework.web.method.support.InvocableHandlerMethod.invokeForRequest(InvocableHandlerMethod.java:138) ~[spring-web-5.2.15.RELEASE.jar:5.2.15.RELEASE]
	at org.springframework.web.servlet.mvc.method.annotation.ServletInvocableHandlerMethod.invokeAndHandle(ServletInvocableHandlerMethod.java:105) ~[spring-webmvc-5.2.15.RELEASE.jar:5.2.15.RELEASE]
	at org.springframework.web.servlet.mvc.method.annotation.RequestMappingHandlerAdapter.invokeHandlerMethod(RequestMappingHandlerAdapter.java:878) ~[spring-webmvc-5.2.15.RELEASE.jar:5.2.15.RELEASE]
	at org.springframework.web.servlet.mvc.method.annotation.RequestMappingHandlerAdapter.handleInternal(RequestMappingHandlerAdapter.java:792) ~[spring-webmvc-5.2.15.RELEASE.jar:5.2.15.RELEASE]
	at org.springframework.web.servlet.mvc.method.AbstractHandlerMethodAdapter.handle(AbstractHandlerMethodAdapter.java:87) ~[spring-webmvc-5.2.15.RELEASE.jar:5.2.15.RELEASE]
	at org.springframework.web.servlet.DispatcherServlet.doDispatch(DispatcherServlet.java:1040) ~[spring-webmvc-5.2.15.RELEASE.jar:5.2.15.RELEASE]
	at org.springframework.web.servlet.DispatcherServlet.doService(DispatcherServlet.java:943) ~[spring-webmvc-5.2.15.RELEASE.jar:5.2.15.RELEASE]
	at org.springframework.web.servlet.FrameworkServlet.processRequest(FrameworkServlet.java:1006) ~[spring-webmvc-5.2.15.RELEASE.jar:5.2.15.RELEASE]
	at org.springframework.web.servlet.FrameworkServlet.doGet(FrameworkServlet.java:898) ~[spring-webmvc-5.2.15.RELEASE.jar:5.2.15.RELEASE]
	at javax.servlet.http.HttpServlet.service(HttpServlet.java:645) ~[javax.servlet-api-4.0.1.jar:4.0.1]
	at org.springframework.web.servlet.FrameworkServlet.service(FrameworkServlet.java:883) ~[spring-webmvc-5.2.15.RELEASE.jar:5.2.15.RELEASE]
	at javax.servlet.http.HttpServlet.service(HttpServlet.java:750) ~[javax.servlet-api-4.0.1.jar:4.0.1]
	at org.apache.catalina.core.ApplicationFilterChain.internalDoFilter(ApplicationFilterChain.java:227) ~[tomcat-embed-core-9.0.46.jar:9.0.46]
	at org.apache.catalina.core.ApplicationFilterChain.doFilter(ApplicationFilterChain.java:162) ~[tomcat-embed-core-9.0.46.jar:9.0.46]
	at org.apache.tomcat.websocket.server.WsFilter.doFilter(WsFilter.java:53) ~[tomcat-embed-websocket-9.0.46.jar:9.0.46]
	at org.apache.catalina.core.ApplicationFilterChain.internalDoFilter(ApplicationFilterChain.java:189) ~[tomcat-embed-core-9.0.46.jar:9.0.46]
	at org.apache.catalina.core.ApplicationFilterChain.doFilter(ApplicationFilterChain.java:162) ~[tomcat-embed-core-9.0.46.jar:9.0.46]
	at org.apache.shiro.web.servlet.ProxiedFilterChain.doFilter(ProxiedFilterChain.java:61) ~[shiro-all-1.9.1.jar:?]
	at org.apache.shiro.web.servlet.AdviceFilter.executeChain(AdviceFilter.java:108) ~[shiro-all-1.9.1.jar:?]
	at org.apache.shiro.web.servlet.AdviceFilter.doFilterInternal(AdviceFilter.java:137) ~[shiro-all-1.9.1.jar:?]
	at org.apache.shiro.web.servlet.OncePerRequestFilter.doFilter(OncePerRequestFilter.java:125) ~[shiro-all-1.9.1.jar:?]
	at org.apache.shiro.web.servlet.ProxiedFilterChain.doFilter(ProxiedFilterChain.java:66) ~[shiro-all-1.9.1.jar:?]
	at org.apache.shiro.web.servlet.AbstractShiroFilter.executeChain(AbstractShiroFilter.java:450) ~[shiro-all-1.9.1.jar:?]
	at org.apache.shiro.web.servlet.AbstractShiroFilter$1.call(AbstractShiroFilter.java:365) ~[shiro-all-1.9.1.jar:?]
	at org.apache.shiro.subject.support.SubjectCallable.doCall(SubjectCallable.java:90) ~[shiro-all-1.9.1.jar:?]
	at org.apache.shiro.subject.support.SubjectCallable.call(SubjectCallable.java:83) ~[shiro-all-1.9.1.jar:?]
	at org.apache.shiro.subject.support.DelegatingSubject.execute(DelegatingSubject.java:387) ~[shiro-all-1.9.1.jar:?]
	at org.apache.shiro.web.servlet.AbstractShiroFilter.doFilterInternal(AbstractShiroFilter.java:362) ~[shiro-all-1.9.1.jar:?]
	at org.apache.shiro.web.servlet.OncePerRequestFilter.doFilter(OncePerRequestFilter.java:125) ~[shiro-all-1.9.1.jar:?]
	at org.apache.catalina.core.ApplicationFilterChain.internalDoFilter(ApplicationFilterChain.java:189) ~[tomcat-embed-core-9.0.46.jar:9.0.46]
	at org.apache.catalina.core.ApplicationFilterChain.doFilter(ApplicationFilterChain.java:162) ~[tomcat-embed-core-9.0.46.jar:9.0.46]
	at org.springframework.web.filter.RequestContextFilter.doFilterInternal(RequestContextFilter.java:100) ~[spring-web-5.2.15.RELEASE.jar:5.2.15.RELEASE]
	at org.springframework.web.filter.OncePerRequestFilter.doFilter(OncePerRequestFilter.java:119) ~[spring-web-5.2.15.RELEASE.jar:5.2.15.RELEASE]
	at org.apache.catalina.core.ApplicationFilterChain.internalDoFilter(ApplicationFilterChain.java:189) ~[tomcat-embed-core-9.0.46.jar:9.0.46]
	at org.apache.catalina.core.ApplicationFilterChain.doFilter(ApplicationFilterChain.java:162) ~[tomcat-embed-core-9.0.46.jar:9.0.46]
	at org.springframework.web.filter.FormContentFilter.doFilterInternal(FormContentFilter.java:93) ~[spring-web-5.2.15.RELEASE.jar:5.2.15.RELEASE]
	at org.springframework.web.filter.OncePerRequestFilter.doFilter(OncePerRequestFilter.java:119) ~[spring-web-5.2.15.RELEASE.jar:5.2.15.RELEASE]
	at org.apache.catalina.core.ApplicationFilterChain.internalDoFilter(ApplicationFilterChain.java:189) ~[tomcat-embed-core-9.0.46.jar:9.0.46]
	at org.apache.catalina.core.ApplicationFilterChain.doFilter(ApplicationFilterChain.java:162) ~[tomcat-embed-core-9.0.46.jar:9.0.46]
	at org.springframework.boot.actuate.metrics.web.servlet.WebMvcMetricsFilter.doFilterInternal(WebMvcMetricsFilter.java:97) ~[spring-boot-actuator-2.3.12.RELEASE.jar:2.3.12.RELEASE]
	at org.springframework.web.filter.OncePerRequestFilter.doFilter(OncePerRequestFilter.java:119) ~[spring-web-5.2.15.RELEASE.jar:5.2.15.RELEASE]
	at org.apache.catalina.core.ApplicationFilterChain.internalDoFilter(ApplicationFilterChain.java:189) ~[tomcat-embed-core-9.0.46.jar:9.0.46]
	at org.apache.catalina.core.ApplicationFilterChain.doFilter(ApplicationFilterChain.java:162) ~[tomcat-embed-core-9.0.46.jar:9.0.46]
	at org.springframework.web.filter.CharacterEncodingFilter.doFilterInternal(CharacterEncodingFilter.java:201) ~[spring-web-5.2.15.RELEASE.jar:5.2.15.RELEASE]
	at org.springframework.web.filter.OncePerRequestFilter.doFilter(OncePerRequestFilter.java:119) ~[spring-web-5.2.15.RELEASE.jar:5.2.15.RELEASE]
	at org.apache.catalina.core.ApplicationFilterChain.internalDoFilter(ApplicationFilterChain.java:189) ~[tomcat-embed-core-9.0.46.jar:9.0.46]
	at org.apache.catalina.core.ApplicationFilterChain.doFilter(ApplicationFilterChain.java:162) ~[tomcat-embed-core-9.0.46.jar:9.0.46]
	at net.mingsoft.basic.filter.XSSEscapeFilter.doFilter(XSSEscapeFilter.java:58) ~[ms-basic-2.1.14.1.jar:2.1.14.1]
	at org.apache.catalina.core.ApplicationFilterChain.internalDoFilter(ApplicationFilterChain.java:189) ~[tomcat-embed-core-9.0.46.jar:9.0.46]
	at org.apache.catalina.core.ApplicationFilterChain.doFilter(ApplicationFilterChain.java:162) ~[tomcat-embed-core-9.0.46.jar:9.0.46]
	at org.apache.catalina.core.StandardWrapperValve.invoke(StandardWrapperValve.java:202) ~[tomcat-embed-core-9.0.46.jar:9.0.46]
	at org.apache.catalina.core.StandardContextValve.invoke(StandardContextValve.java:97) ~[tomcat-embed-core-9.0.46.jar:9.0.46]
	at org.apache.catalina.authenticator.AuthenticatorBase.invoke(AuthenticatorBase.java:542) ~[tomcat-embed-core-9.0.46.jar:9.0.46]
	at org.apache.catalina.core.StandardHostValve.invoke(StandardHostValve.java:143) ~[tomcat-embed-core-9.0.46.jar:9.0.46]
	at org.apache.catalina.valves.ErrorReportValve.invoke(ErrorReportValve.java:92) ~[tomcat-embed-core-9.0.46.jar:9.0.46]
	at org.apache.catalina.core.StandardEngineValve.invoke(StandardEngineValve.java:78) ~[tomcat-embed-core-9.0.46.jar:9.0.46]
	at org.apache.catalina.connector.CoyoteAdapter.service(CoyoteAdapter.java:357) ~[tomcat-embed-core-9.0.46.jar:9.0.46]
	at org.apache.coyote.http11.Http11Processor.service(Http11Processor.java:374) ~[tomcat-embed-core-9.0.46.jar:9.0.46]
	at org.apache.coyote.AbstractProcessorLight.process(AbstractProcessorLight.java:65) ~[tomcat-embed-core-9.0.46.jar:9.0.46]
	at org.apache.coyote.AbstractProtocol$ConnectionHandler.process(AbstractProtocol.java:893) ~[tomcat-embed-core-9.0.46.jar:9.0.46]
	at org.apache.tomcat.util.net.NioEndpoint$SocketProcessor.doRun(NioEndpoint.java:1707) ~[tomcat-embed-core-9.0.46.jar:9.0.46]
	at org.apache.tomcat.util.net.SocketProcessorBase.run(SocketProcessorBase.java:49) ~[tomcat-embed-core-9.0.46.jar:9.0.46]
	at java.util.concurrent.ThreadPoolExecutor.runWorker(ThreadPoolExecutor.java:1142) ~[?:1.8.0_65]
	at java.util.concurrent.ThreadPoolExecutor$Worker.run(ThreadPoolExecutor.java:617) ~[?:1.8.0_65]
	at org.apache.tomcat.util.threads.TaskThread$WrappingRunnable.run(TaskThread.java:61) ~[tomcat-embed-core-9.0.46.jar:9.0.46]
	at java.lang.Thread.run(Thread.java:745) ~[?:1.8.0_65]

[2m2025-01-20 20:52:33.207[0;39m [[31mERROR[0;39m] [35m10358[0;39m [2m[nio-8080-exec-4 ][0;39m [31mfreemarker.runtime[0;39m:60 [2m:[0;39m Error executing FreeMarker template

freemarker.core._MiscTemplateException: Instantiating freemarker.template.utility.Execute is not allowed in the template for security reasons.

----
FTL stack trace ("~" means nesting-related):
	- Failed at: #assign value = "freemarker.template...  [in template "ms:custom:search.htm" at line 10, column 5]
----
	at freemarker.core._MessageUtil.newInstantiatingClassNotAllowedException(_MessageUtil.java:302) ~[freemarker-2.3.31.jar:2.3.31]
	at freemarker.core.TemplateClassResolver$3.resolve(TemplateClassResolver.java:90) ~[freemarker-2.3.31.jar:2.3.31]
	at freemarker.core.NewBI$ConstructorFunction.<init>(NewBI.java:61) ~[freemarker-2.3.31.jar:2.3.31]
	at freemarker.core.NewBI._eval(NewBI.java:51) ~[freemarker-2.3.31.jar:2.3.31]
	at freemarker.core.Expression.eval(Expression.java:101) ~[freemarker-2.3.31.jar:2.3.31]
	at freemarker.core.MethodCall._eval(MethodCall.java:55) ~[freemarker-2.3.31.jar:2.3.31]
	at freemarker.core.Expression.eval(Expression.java:101) ~[freemarker-2.3.31.jar:2.3.31]
	at freemarker.core.Assignment.accept(Assignment.java:134) ~[freemarker-2.3.31.jar:2.3.31]
	at freemarker.core.Environment.visit(Environment.java:347) ~[freemarker-2.3.31.jar:2.3.31]
	at freemarker.core.Environment.visit(Environment.java:353) ~[freemarker-2.3.31.jar:2.3.31]
	at freemarker.core.Environment.process(Environment.java:326) ~[freemarker-2.3.31.jar:2.3.31]
	at freemarker.template.Template.process(Template.java:383) ~[freemarker-2.3.31.jar:2.3.31]
	at net.mingsoft.mdiy.util.ParserUtil.rendering(ParserUtil.java:409) ~[ms-mdiy-2.1.14.1.jar:2.1.14.1]
	at net.mingsoft.cms.action.web.MCmsAction.search(MCmsAction.java:299) ~[classes/:?]
	at sun.reflect.NativeMethodAccessorImpl.invoke0(Native Method) ~[?:1.8.0_65]
	at sun.reflect.NativeMethodAccessorImpl.invoke(NativeMethodAccessorImpl.java:62) ~[?:1.8.0_65]
	at sun.reflect.DelegatingMethodAccessorImpl.invoke(DelegatingMethodAccessorImpl.java:43) ~[?:1.8.0_65]
	at java.lang.reflect.Method.invoke(Method.java:497) ~[?:1.8.0_65]
	at org.springframework.web.method.support.InvocableHandlerMethod.doInvoke(InvocableHandlerMethod.java:190) ~[spring-web-5.2.15.RELEASE.jar:5.2.15.RELEASE]
	at org.springframework.web.method.support.InvocableHandlerMethod.invokeForRequest(InvocableHandlerMethod.java:138) ~[spring-web-5.2.15.RELEASE.jar:5.2.15.RELEASE]
	at org.springframework.web.servlet.mvc.method.annotation.ServletInvocableHandlerMethod.invokeAndHandle(ServletInvocableHandlerMethod.java:105) ~[spring-webmvc-5.2.15.RELEASE.jar:5.2.15.RELEASE]
	at org.springframework.web.servlet.mvc.method.annotation.RequestMappingHandlerAdapter.invokeHandlerMethod(RequestMappingHandlerAdapter.java:878) ~[spring-webmvc-5.2.15.RELEASE.jar:5.2.15.RELEASE]
	at org.springframework.web.servlet.mvc.method.annotation.RequestMappingHandlerAdapter.handleInternal(RequestMappingHandlerAdapter.java:792) ~[spring-webmvc-5.2.15.RELEASE.jar:5.2.15.RELEASE]
	at org.springframework.web.servlet.mvc.method.AbstractHandlerMethodAdapter.handle(AbstractHandlerMethodAdapter.java:87) ~[spring-webmvc-5.2.15.RELEASE.jar:5.2.15.RELEASE]
	at org.springframework.web.servlet.DispatcherServlet.doDispatch(DispatcherServlet.java:1040) ~[spring-webmvc-5.2.15.RELEASE.jar:5.2.15.RELEASE]
	at org.springframework.web.servlet.DispatcherServlet.doService(DispatcherServlet.java:943) ~[spring-webmvc-5.2.15.RELEASE.jar:5.2.15.RELEASE]
	at org.springframework.web.servlet.FrameworkServlet.processRequest(FrameworkServlet.java:1006) ~[spring-webmvc-5.2.15.RELEASE.jar:5.2.15.RELEASE]
	at org.springframework.web.servlet.FrameworkServlet.doGet(FrameworkServlet.java:898) ~[spring-webmvc-5.2.15.RELEASE.jar:5.2.15.RELEASE]
	at javax.servlet.http.HttpServlet.service(HttpServlet.java:645) ~[javax.servlet-api-4.0.1.jar:4.0.1]
	at org.springframework.web.servlet.FrameworkServlet.service(FrameworkServlet.java:883) ~[spring-webmvc-5.2.15.RELEASE.jar:5.2.15.RELEASE]
	at javax.servlet.http.HttpServlet.service(HttpServlet.java:750) ~[javax.servlet-api-4.0.1.jar:4.0.1]
	at org.apache.catalina.core.ApplicationFilterChain.internalDoFilter(ApplicationFilterChain.java:227) ~[tomcat-embed-core-9.0.46.jar:9.0.46]
	at org.apache.catalina.core.ApplicationFilterChain.doFilter(ApplicationFilterChain.java:162) ~[tomcat-embed-core-9.0.46.jar:9.0.46]
	at org.apache.tomcat.websocket.server.WsFilter.doFilter(WsFilter.java:53) ~[tomcat-embed-websocket-9.0.46.jar:9.0.46]
	at org.apache.catalina.core.ApplicationFilterChain.internalDoFilter(ApplicationFilterChain.java:189) ~[tomcat-embed-core-9.0.46.jar:9.0.46]
	at org.apache.catalina.core.ApplicationFilterChain.doFilter(ApplicationFilterChain.java:162) ~[tomcat-embed-core-9.0.46.jar:9.0.46]
	at org.apache.shiro.web.servlet.ProxiedFilterChain.doFilter(ProxiedFilterChain.java:61) ~[shiro-all-1.9.1.jar:?]
	at org.apache.shiro.web.servlet.AdviceFilter.executeChain(AdviceFilter.java:108) ~[shiro-all-1.9.1.jar:?]
	at org.apache.shiro.web.servlet.AdviceFilter.doFilterInternal(AdviceFilter.java:137) ~[shiro-all-1.9.1.jar:?]
	at org.apache.shiro.web.servlet.OncePerRequestFilter.doFilter(OncePerRequestFilter.java:125) ~[shiro-all-1.9.1.jar:?]
	at org.apache.shiro.web.servlet.ProxiedFilterChain.doFilter(ProxiedFilterChain.java:66) ~[shiro-all-1.9.1.jar:?]
	at org.apache.shiro.web.servlet.AbstractShiroFilter.executeChain(AbstractShiroFilter.java:450) ~[shiro-all-1.9.1.jar:?]
	at org.apache.shiro.web.servlet.AbstractShiroFilter$1.call(AbstractShiroFilter.java:365) ~[shiro-all-1.9.1.jar:?]
	at org.apache.shiro.subject.support.SubjectCallable.doCall(SubjectCallable.java:90) ~[shiro-all-1.9.1.jar:?]
	at org.apache.shiro.subject.support.SubjectCallable.call(SubjectCallable.java:83) ~[shiro-all-1.9.1.jar:?]
	at org.apache.shiro.subject.support.DelegatingSubject.execute(DelegatingSubject.java:387) ~[shiro-all-1.9.1.jar:?]
	at org.apache.shiro.web.servlet.AbstractShiroFilter.doFilterInternal(AbstractShiroFilter.java:362) ~[shiro-all-1.9.1.jar:?]
	at org.apache.shiro.web.servlet.OncePerRequestFilter.doFilter(OncePerRequestFilter.java:125) ~[shiro-all-1.9.1.jar:?]
	at org.apache.catalina.core.ApplicationFilterChain.internalDoFilter(ApplicationFilterChain.java:189) ~[tomcat-embed-core-9.0.46.jar:9.0.46]
	at org.apache.catalina.core.ApplicationFilterChain.doFilter(ApplicationFilterChain.java:162) ~[tomcat-embed-core-9.0.46.jar:9.0.46]
	at org.springframework.web.filter.RequestContextFilter.doFilterInternal(RequestContextFilter.java:100) ~[spring-web-5.2.15.RELEASE.jar:5.2.15.RELEASE]
	at org.springframework.web.filter.OncePerRequestFilter.doFilter(OncePerRequestFilter.java:119) ~[spring-web-5.2.15.RELEASE.jar:5.2.15.RELEASE]
	at org.apache.catalina.core.ApplicationFilterChain.internalDoFilter(ApplicationFilterChain.java:189) ~[tomcat-embed-core-9.0.46.jar:9.0.46]
	at org.apache.catalina.core.ApplicationFilterChain.doFilter(ApplicationFilterChain.java:162) ~[tomcat-embed-core-9.0.46.jar:9.0.46]
	at org.springframework.web.filter.FormContentFilter.doFilterInternal(FormContentFilter.java:93) ~[spring-web-5.2.15.RELEASE.jar:5.2.15.RELEASE]
	at org.springframework.web.filter.OncePerRequestFilter.doFilter(OncePerRequestFilter.java:119) ~[spring-web-5.2.15.RELEASE.jar:5.2.15.RELEASE]
	at org.apache.catalina.core.ApplicationFilterChain.internalDoFilter(ApplicationFilterChain.java:189) ~[tomcat-embed-core-9.0.46.jar:9.0.46]
	at org.apache.catalina.core.ApplicationFilterChain.doFilter(ApplicationFilterChain.java:162) ~[tomcat-embed-core-9.0.46.jar:9.0.46]
	at org.springframework.boot.actuate.metrics.web.servlet.WebMvcMetricsFilter.doFilterInternal(WebMvcMetricsFilter.java:97) ~[spring-boot-actuator-2.3.12.RELEASE.jar:2.3.12.RELEASE]
	at org.springframework.web.filter.OncePerRequestFilter.doFilter(OncePerRequestFilter.java:119) ~[spring-web-5.2.15.RELEASE.jar:5.2.15.RELEASE]
	at org.apache.catalina.core.ApplicationFilterChain.internalDoFilter(ApplicationFilterChain.java:189) ~[tomcat-embed-core-9.0.46.jar:9.0.46]
	at org.apache.catalina.core.ApplicationFilterChain.doFilter(ApplicationFilterChain.java:162) ~[tomcat-embed-core-9.0.46.jar:9.0.46]
	at org.springframework.web.filter.CharacterEncodingFilter.doFilterInternal(CharacterEncodingFilter.java:201) ~[spring-web-5.2.15.RELEASE.jar:5.2.15.RELEASE]
	at org.springframework.web.filter.OncePerRequestFilter.doFilter(OncePerRequestFilter.java:119) ~[spring-web-5.2.15.RELEASE.jar:5.2.15.RELEASE]
	at org.apache.catalina.core.ApplicationFilterChain.internalDoFilter(ApplicationFilterChain.java:189) ~[tomcat-embed-core-9.0.46.jar:9.0.46]
	at org.apache.catalina.core.ApplicationFilterChain.doFilter(ApplicationFilterChain.java:162) ~[tomcat-embed-core-9.0.46.jar:9.0.46]
	at net.mingsoft.basic.filter.XSSEscapeFilter.doFilter(XSSEscapeFilter.java:58) ~[ms-basic-2.1.14.1.jar:2.1.14.1]
	at org.apache.catalina.core.ApplicationFilterChain.internalDoFilter(ApplicationFilterChain.java:189) ~[tomcat-embed-core-9.0.46.jar:9.0.46]
	at org.apache.catalina.core.ApplicationFilterChain.doFilter(ApplicationFilterChain.java:162) ~[tomcat-embed-core-9.0.46.jar:9.0.46]
	at org.apache.catalina.core.StandardWrapperValve.invoke(StandardWrapperValve.java:202) ~[tomcat-embed-core-9.0.46.jar:9.0.46]
	at org.apache.catalina.core.StandardContextValve.invoke(StandardContextValve.java:97) ~[tomcat-embed-core-9.0.46.jar:9.0.46]
	at org.apache.catalina.authenticator.AuthenticatorBase.invoke(AuthenticatorBase.java:542) ~[tomcat-embed-core-9.0.46.jar:9.0.46]
	at org.apache.catalina.core.StandardHostValve.invoke(StandardHostValve.java:143) ~[tomcat-embed-core-9.0.46.jar:9.0.46]
	at org.apache.catalina.valves.ErrorReportValve.invoke(ErrorReportValve.java:92) ~[tomcat-embed-core-9.0.46.jar:9.0.46]
	at org.apache.catalina.core.StandardEngineValve.invoke(StandardEngineValve.java:78) ~[tomcat-embed-core-9.0.46.jar:9.0.46]
	at org.apache.catalina.connector.CoyoteAdapter.service(CoyoteAdapter.java:357) ~[tomcat-embed-core-9.0.46.jar:9.0.46]
	at org.apache.coyote.http11.Http11Processor.service(Http11Processor.java:374) ~[tomcat-embed-core-9.0.46.jar:9.0.46]
	at org.apache.coyote.AbstractProcessorLight.process(AbstractProcessorLight.java:65) ~[tomcat-embed-core-9.0.46.jar:9.0.46]
	at org.apache.coyote.AbstractProtocol$ConnectionHandler.process(AbstractProtocol.java:893) ~[tomcat-embed-core-9.0.46.jar:9.0.46]
	at org.apache.tomcat.util.net.NioEndpoint$SocketProcessor.doRun(NioEndpoint.java:1707) ~[tomcat-embed-core-9.0.46.jar:9.0.46]
	at org.apache.tomcat.util.net.SocketProcessorBase.run(SocketProcessorBase.java:49) ~[tomcat-embed-core-9.0.46.jar:9.0.46]
	at java.util.concurrent.ThreadPoolExecutor.runWorker(ThreadPoolExecutor.java:1142) ~[?:1.8.0_65]
	at java.util.concurrent.ThreadPoolExecutor$Worker.run(ThreadPoolExecutor.java:617) ~[?:1.8.0_65]
	at org.apache.tomcat.util.threads.TaskThread$WrappingRunnable.run(TaskThread.java:61) ~[tomcat-embed-core-9.0.46.jar:9.0.46]
	at java.lang.Thread.run(Thread.java:745) ~[?:1.8.0_65]

[2m2025-01-20 20:52:33.212[0;39m [[31mERROR[0;39m] [35m10358[0;39m [2m[nio-8080-exec-4 ][0;39m [31mnet.mingsoft.mdiy.util.ParserUtil[0;39m:412 [2m:[0;39m 渲染错误

freemarker.core._MiscTemplateException: Instantiating freemarker.template.utility.Execute is not allowed in the template for security reasons.

----
FTL stack trace ("~" means nesting-related):
	- Failed at: #assign value = "freemarker.template...  [in template "ms:custom:search.htm" at line 10, column 5]
----
	at freemarker.core._MessageUtil.newInstantiatingClassNotAllowedException(_MessageUtil.java:302) ~[freemarker-2.3.31.jar:2.3.31]
	at freemarker.core.TemplateClassResolver$3.resolve(TemplateClassResolver.java:90) ~[freemarker-2.3.31.jar:2.3.31]
	at freemarker.core.NewBI$ConstructorFunction.<init>(NewBI.java:61) ~[freemarker-2.3.31.jar:2.3.31]
	at freemarker.core.NewBI._eval(NewBI.java:51) ~[freemarker-2.3.31.jar:2.3.31]
	at freemarker.core.Expression.eval(Expression.java:101) ~[freemarker-2.3.31.jar:2.3.31]
	at freemarker.core.MethodCall._eval(MethodCall.java:55) ~[freemarker-2.3.31.jar:2.3.31]
	at freemarker.core.Expression.eval(Expression.java:101) ~[freemarker-2.3.31.jar:2.3.31]
	at freemarker.core.Assignment.accept(Assignment.java:134) ~[freemarker-2.3.31.jar:2.3.31]
	at freemarker.core.Environment.visit(Environment.java:347) ~[freemarker-2.3.31.jar:2.3.31]
	at freemarker.core.Environment.visit(Environment.java:353) ~[freemarker-2.3.31.jar:2.3.31]
	at freemarker.core.Environment.process(Environment.java:326) ~[freemarker-2.3.31.jar:2.3.31]
	at freemarker.template.Template.process(Template.java:383) ~[freemarker-2.3.31.jar:2.3.31]
	at net.mingsoft.mdiy.util.ParserUtil.rendering(ParserUtil.java:409) ~[ms-mdiy-2.1.14.1.jar:2.1.14.1]
	at net.mingsoft.cms.action.web.MCmsAction.search(MCmsAction.java:299) ~[classes/:?]
	at sun.reflect.NativeMethodAccessorImpl.invoke0(Native Method) ~[?:1.8.0_65]
	at sun.reflect.NativeMethodAccessorImpl.invoke(NativeMethodAccessorImpl.java:62) ~[?:1.8.0_65]
	at sun.reflect.DelegatingMethodAccessorImpl.invoke(DelegatingMethodAccessorImpl.java:43) ~[?:1.8.0_65]
	at java.lang.reflect.Method.invoke(Method.java:497) ~[?:1.8.0_65]
	at org.springframework.web.method.support.InvocableHandlerMethod.doInvoke(InvocableHandlerMethod.java:190) ~[spring-web-5.2.15.RELEASE.jar:5.2.15.RELEASE]
	at org.springframework.web.method.support.InvocableHandlerMethod.invokeForRequest(InvocableHandlerMethod.java:138) ~[spring-web-5.2.15.RELEASE.jar:5.2.15.RELEASE]
	at org.springframework.web.servlet.mvc.method.annotation.ServletInvocableHandlerMethod.invokeAndHandle(ServletInvocableHandlerMethod.java:105) ~[spring-webmvc-5.2.15.RELEASE.jar:5.2.15.RELEASE]
	at org.springframework.web.servlet.mvc.method.annotation.RequestMappingHandlerAdapter.invokeHandlerMethod(RequestMappingHandlerAdapter.java:878) ~[spring-webmvc-5.2.15.RELEASE.jar:5.2.15.RELEASE]
	at org.springframework.web.servlet.mvc.method.annotation.RequestMappingHandlerAdapter.handleInternal(RequestMappingHandlerAdapter.java:792) ~[spring-webmvc-5.2.15.RELEASE.jar:5.2.15.RELEASE]
	at org.springframework.web.servlet.mvc.method.AbstractHandlerMethodAdapter.handle(AbstractHandlerMethodAdapter.java:87) ~[spring-webmvc-5.2.15.RELEASE.jar:5.2.15.RELEASE]
	at org.springframework.web.servlet.DispatcherServlet.doDispatch(DispatcherServlet.java:1040) ~[spring-webmvc-5.2.15.RELEASE.jar:5.2.15.RELEASE]
	at org.springframework.web.servlet.DispatcherServlet.doService(DispatcherServlet.java:943) ~[spring-webmvc-5.2.15.RELEASE.jar:5.2.15.RELEASE]
	at org.springframework.web.servlet.FrameworkServlet.processRequest(FrameworkServlet.java:1006) ~[spring-webmvc-5.2.15.RELEASE.jar:5.2.15.RELEASE]
	at org.springframework.web.servlet.FrameworkServlet.doGet(FrameworkServlet.java:898) ~[spring-webmvc-5.2.15.RELEASE.jar:5.2.15.RELEASE]
	at javax.servlet.http.HttpServlet.service(HttpServlet.java:645) ~[javax.servlet-api-4.0.1.jar:4.0.1]
	at org.springframework.web.servlet.FrameworkServlet.service(FrameworkServlet.java:883) ~[spring-webmvc-5.2.15.RELEASE.jar:5.2.15.RELEASE]
	at javax.servlet.http.HttpServlet.service(HttpServlet.java:750) ~[javax.servlet-api-4.0.1.jar:4.0.1]
	at org.apache.catalina.core.ApplicationFilterChain.internalDoFilter(ApplicationFilterChain.java:227) ~[tomcat-embed-core-9.0.46.jar:9.0.46]
	at org.apache.catalina.core.ApplicationFilterChain.doFilter(ApplicationFilterChain.java:162) ~[tomcat-embed-core-9.0.46.jar:9.0.46]
	at org.apache.tomcat.websocket.server.WsFilter.doFilter(WsFilter.java:53) ~[tomcat-embed-websocket-9.0.46.jar:9.0.46]
	at org.apache.catalina.core.ApplicationFilterChain.internalDoFilter(ApplicationFilterChain.java:189) ~[tomcat-embed-core-9.0.46.jar:9.0.46]
	at org.apache.catalina.core.ApplicationFilterChain.doFilter(ApplicationFilterChain.java:162) ~[tomcat-embed-core-9.0.46.jar:9.0.46]
	at org.apache.shiro.web.servlet.ProxiedFilterChain.doFilter(ProxiedFilterChain.java:61) ~[shiro-all-1.9.1.jar:?]
	at org.apache.shiro.web.servlet.AdviceFilter.executeChain(AdviceFilter.java:108) ~[shiro-all-1.9.1.jar:?]
	at org.apache.shiro.web.servlet.AdviceFilter.doFilterInternal(AdviceFilter.java:137) ~[shiro-all-1.9.1.jar:?]
	at org.apache.shiro.web.servlet.OncePerRequestFilter.doFilter(OncePerRequestFilter.java:125) ~[shiro-all-1.9.1.jar:?]
	at org.apache.shiro.web.servlet.ProxiedFilterChain.doFilter(ProxiedFilterChain.java:66) ~[shiro-all-1.9.1.jar:?]
	at org.apache.shiro.web.servlet.AbstractShiroFilter.executeChain(AbstractShiroFilter.java:450) ~[shiro-all-1.9.1.jar:?]
	at org.apache.shiro.web.servlet.AbstractShiroFilter$1.call(AbstractShiroFilter.java:365) ~[shiro-all-1.9.1.jar:?]
	at org.apache.shiro.subject.support.SubjectCallable.doCall(SubjectCallable.java:90) ~[shiro-all-1.9.1.jar:?]
	at org.apache.shiro.subject.support.SubjectCallable.call(SubjectCallable.java:83) ~[shiro-all-1.9.1.jar:?]
	at org.apache.shiro.subject.support.DelegatingSubject.execute(DelegatingSubject.java:387) ~[shiro-all-1.9.1.jar:?]
	at org.apache.shiro.web.servlet.AbstractShiroFilter.doFilterInternal(AbstractShiroFilter.java:362) ~[shiro-all-1.9.1.jar:?]
	at org.apache.shiro.web.servlet.OncePerRequestFilter.doFilter(OncePerRequestFilter.java:125) ~[shiro-all-1.9.1.jar:?]
	at org.apache.catalina.core.ApplicationFilterChain.internalDoFilter(ApplicationFilterChain.java:189) ~[tomcat-embed-core-9.0.46.jar:9.0.46]
	at org.apache.catalina.core.ApplicationFilterChain.doFilter(ApplicationFilterChain.java:162) ~[tomcat-embed-core-9.0.46.jar:9.0.46]
	at org.springframework.web.filter.RequestContextFilter.doFilterInternal(RequestContextFilter.java:100) ~[spring-web-5.2.15.RELEASE.jar:5.2.15.RELEASE]
	at org.springframework.web.filter.OncePerRequestFilter.doFilter(OncePerRequestFilter.java:119) ~[spring-web-5.2.15.RELEASE.jar:5.2.15.RELEASE]
	at org.apache.catalina.core.ApplicationFilterChain.internalDoFilter(ApplicationFilterChain.java:189) ~[tomcat-embed-core-9.0.46.jar:9.0.46]
	at org.apache.catalina.core.ApplicationFilterChain.doFilter(ApplicationFilterChain.java:162) ~[tomcat-embed-core-9.0.46.jar:9.0.46]
	at org.springframework.web.filter.FormContentFilter.doFilterInternal(FormContentFilter.java:93) ~[spring-web-5.2.15.RELEASE.jar:5.2.15.RELEASE]
	at org.springframework.web.filter.OncePerRequestFilter.doFilter(OncePerRequestFilter.java:119) ~[spring-web-5.2.15.RELEASE.jar:5.2.15.RELEASE]
	at org.apache.catalina.core.ApplicationFilterChain.internalDoFilter(ApplicationFilterChain.java:189) ~[tomcat-embed-core-9.0.46.jar:9.0.46]
	at org.apache.catalina.core.ApplicationFilterChain.doFilter(ApplicationFilterChain.java:162) ~[tomcat-embed-core-9.0.46.jar:9.0.46]
	at org.springframework.boot.actuate.metrics.web.servlet.WebMvcMetricsFilter.doFilterInternal(WebMvcMetricsFilter.java:97) ~[spring-boot-actuator-2.3.12.RELEASE.jar:2.3.12.RELEASE]
	at org.springframework.web.filter.OncePerRequestFilter.doFilter(OncePerRequestFilter.java:119) ~[spring-web-5.2.15.RELEASE.jar:5.2.15.RELEASE]
	at org.apache.catalina.core.ApplicationFilterChain.internalDoFilter(ApplicationFilterChain.java:189) ~[tomcat-embed-core-9.0.46.jar:9.0.46]
	at org.apache.catalina.core.ApplicationFilterChain.doFilter(ApplicationFilterChain.java:162) ~[tomcat-embed-core-9.0.46.jar:9.0.46]
	at org.springframework.web.filter.CharacterEncodingFilter.doFilterInternal(CharacterEncodingFilter.java:201) ~[spring-web-5.2.15.RELEASE.jar:5.2.15.RELEASE]
	at org.springframework.web.filter.OncePerRequestFilter.doFilter(OncePerRequestFilter.java:119) ~[spring-web-5.2.15.RELEASE.jar:5.2.15.RELEASE]
	at org.apache.catalina.core.ApplicationFilterChain.internalDoFilter(ApplicationFilterChain.java:189) ~[tomcat-embed-core-9.0.46.jar:9.0.46]
	at org.apache.catalina.core.ApplicationFilterChain.doFilter(ApplicationFilterChain.java:162) ~[tomcat-embed-core-9.0.46.jar:9.0.46]
	at net.mingsoft.basic.filter.XSSEscapeFilter.doFilter(XSSEscapeFilter.java:58) ~[ms-basic-2.1.14.1.jar:2.1.14.1]
	at org.apache.catalina.core.ApplicationFilterChain.internalDoFilter(ApplicationFilterChain.java:189) ~[tomcat-embed-core-9.0.46.jar:9.0.46]
	at org.apache.catalina.core.ApplicationFilterChain.doFilter(ApplicationFilterChain.java:162) ~[tomcat-embed-core-9.0.46.jar:9.0.46]
	at org.apache.catalina.core.StandardWrapperValve.invoke(StandardWrapperValve.java:202) ~[tomcat-embed-core-9.0.46.jar:9.0.46]
	at org.apache.catalina.core.StandardContextValve.invoke(StandardContextValve.java:97) ~[tomcat-embed-core-9.0.46.jar:9.0.46]
	at org.apache.catalina.authenticator.AuthenticatorBase.invoke(AuthenticatorBase.java:542) ~[tomcat-embed-core-9.0.46.jar:9.0.46]
	at org.apache.catalina.core.StandardHostValve.invoke(StandardHostValve.java:143) ~[tomcat-embed-core-9.0.46.jar:9.0.46]
	at org.apache.catalina.valves.ErrorReportValve.invoke(ErrorReportValve.java:92) ~[tomcat-embed-core-9.0.46.jar:9.0.46]
	at org.apache.catalina.core.StandardEngineValve.invoke(StandardEngineValve.java:78) ~[tomcat-embed-core-9.0.46.jar:9.0.46]
	at org.apache.catalina.connector.CoyoteAdapter.service(CoyoteAdapter.java:357) ~[tomcat-embed-core-9.0.46.jar:9.0.46]
	at org.apache.coyote.http11.Http11Processor.service(Http11Processor.java:374) ~[tomcat-embed-core-9.0.46.jar:9.0.46]
	at org.apache.coyote.AbstractProcessorLight.process(AbstractProcessorLight.java:65) ~[tomcat-embed-core-9.0.46.jar:9.0.46]
	at org.apache.coyote.AbstractProtocol$ConnectionHandler.process(AbstractProtocol.java:893) ~[tomcat-embed-core-9.0.46.jar:9.0.46]
	at org.apache.tomcat.util.net.NioEndpoint$SocketProcessor.doRun(NioEndpoint.java:1707) ~[tomcat-embed-core-9.0.46.jar:9.0.46]
	at org.apache.tomcat.util.net.SocketProcessorBase.run(SocketProcessorBase.java:49) ~[tomcat-embed-core-9.0.46.jar:9.0.46]
	at java.util.concurrent.ThreadPoolExecutor.runWorker(ThreadPoolExecutor.java:1142) ~[?:1.8.0_65]
	at java.util.concurrent.ThreadPoolExecutor$Worker.run(ThreadPoolExecutor.java:617) ~[?:1.8.0_65]
	at org.apache.tomcat.util.threads.TaskThread$WrappingRunnable.run(TaskThread.java:61) ~[tomcat-embed-core-9.0.46.jar:9.0.46]
	at java.lang.Thread.run(Thread.java:745) ~[?:1.8.0_65]

[2m2025-01-20 20:57:42.217[0;39m [[32m INFO[0;39m] [35m10358[0;39m [2m[extShutdownHook ][0;39m [32morg.quartz.core.QuartzScheduler[0;39m:585 [2m:[0;39m Scheduler quartzScheduler_$_NON_CLUSTERED paused.
[2m2025-01-20 20:57:42.317[0;39m [[32m INFO[0;39m] [35m10358[0;39m [2m[extShutdownHook ][0;39m [32morg.quartz.core.QuartzScheduler[0;39m:666 [2m:[0;39m Scheduler quartzScheduler_$_NON_CLUSTERED shutting down.
[2m2025-01-20 20:57:42.319[0;39m [[32m INFO[0;39m] [35m10358[0;39m [2m[extShutdownHook ][0;39m [32morg.quartz.core.QuartzScheduler[0;39m:585 [2m:[0;39m Scheduler quartzScheduler_$_NON_CLUSTERED paused.
[2m2025-01-20 20:57:42.321[0;39m [[32m INFO[0;39m] [35m10358[0;39m [2m[extShutdownHook ][0;39m [32morg.quartz.core.QuartzScheduler[0;39m:740 [2m:[0;39m Scheduler quartzScheduler_$_NON_CLUSTERED shutdown complete.
[2m2025-01-20 20:57:42.789[0;39m [[32m INFO[0;39m] [35m10358[0;39m [2m[extShutdownHook ][0;39m [32mcom.alibaba.druid.pool.DruidDataSource[0;39m:2071 [2m:[0;39m {dataSource-1} closing ...
[2m2025-01-20 20:57:42.869[0;39m [[32m INFO[0;39m] [35m10358[0;39m [2m[extShutdownHook ][0;39m [32mcom.alibaba.druid.pool.DruidDataSource[0;39m:2144 [2m:[0;39m {dataSource-1} closed
