[2m2025-01-17 20:53:31.816[0;39m [[32m INFO[0;39m] [35m41011[0;39m [2m[           main ][0;39m [32mnet.mingsoft.MSApplication[0;39m:55 [2m:[0;39m Starting MSApplication on web-virtual-machine with PID 41011 (/home/web/Desktop/Java-Sec/ä»£ç å®¡è®¡/MCMS-5.2.9/target/classes started by web in /home/web/Desktop/Java-Sec/ä»£ç å®¡è®¡/MCMS-5.2.9)
[2m2025-01-17 20:53:31.865[0;39m [[32mDEBUG[0;39m] [35m41011[0;39m [2m[           main ][0;39m [32mnet.mingsoft.MSApplication[0;39m:56 [2m:[0;39m Running with Spring Boot v2.3.12.RELEASE, Spring v5.2.15.RELEASE
[2m2025-01-17 20:53:31.867[0;39m [[32m INFO[0;39m] [35m41011[0;39m [2m[           main ][0;39m [32mnet.mingsoft.MSApplication[0;39m:652 [2m:[0;39m The following profiles are active: dev
[2m2025-01-17 20:53:36.740[0;39m [[32m INFO[0;39m] [35m41011[0;39m [2m[           main ][0;39m [32mcom.alibaba.druid.spring.boot.autoconfigure.DruidDataSourceAutoConfigure[0;39m:56 [2m:[0;39m Init DruidDataSource
[2m2025-01-17 20:53:38.407[0;39m [[32m INFO[0;39m] [35m41011[0;39m [2m[           main ][0;39m [32mcom.alibaba.druid.pool.DruidDataSource[0;39m:998 [2m:[0;39m {dataSource-1} inited
[2m2025-01-17 20:53:39.765[0;39m [[33m WARN[0;39m] [35m41011[0;39m [2m[           main ][0;39m [33mcom.baomidou.mybatisplus.core.injector.AbstractMethod[0;39m:414 [2m:[0;39m [net.mingsoft.basic.dao.IManagerDao.delete] Has been loaded by XML or SqlProvider or Mybatis's Annotation, so ignoring this injection for [class com.baomidou.mybatisplus.core.injector.methods.Delete]
[2m2025-01-17 20:53:40.439[0;39m [[33m WARN[0;39m] [35m41011[0;39m [2m[           main ][0;39m [33mcom.baomidou.mybatisplus.core.injector.AbstractMethod[0;39m:414 [2m:[0;39m [net.mingsoft.basic.dao.IModelDao.delete] Has been loaded by XML or SqlProvider or Mybatis's Annotation, so ignoring this injection for [class com.baomidou.mybatisplus.core.injector.methods.Delete]
[2m2025-01-17 20:53:40.526[0;39m [[33m WARN[0;39m] [35m41011[0;39m [2m[           main ][0;39m [33mcom.baomidou.mybatisplus.core.metadata.TableInfoHelper[0;39m:342 [2m:[0;39m Can not find table primary key in Class: "net.mingsoft.basic.entity.RoleModelEntity".
[2m2025-01-17 20:53:40.527[0;39m [[33m WARN[0;39m] [35m41011[0;39m [2m[           main ][0;39m [33mcom.baomidou.mybatisplus.core.injector.DefaultSqlInjector[0;39m:56 [2m:[0;39m class net.mingsoft.basic.entity.RoleModelEntity ,Not found @TableId annotation, Cannot use Mybatis-Plus 'xxById' Method.
[2m2025-01-17 20:53:42.117[0;39m [[32m INFO[0;39m] [35m41011[0;39m [2m[           main ][0;39m [32morg.apache.coyote.http11.Http11NioProtocol[0;39m:173 [2m:[0;39m Initializing ProtocolHandler ["http-nio-8080"]
[2m2025-01-17 20:53:42.118[0;39m [[32m INFO[0;39m] [35m41011[0;39m [2m[           main ][0;39m [32morg.apache.catalina.core.StandardService[0;39m:173 [2m:[0;39m Starting service [Tomcat]
[2m2025-01-17 20:53:42.119[0;39m [[32m INFO[0;39m] [35m41011[0;39m [2m[           main ][0;39m [32morg.apache.catalina.core.StandardEngine[0;39m:173 [2m:[0;39m Starting Servlet engine: [Apache Tomcat/9.0.46]
[2m2025-01-17 20:53:42.285[0;39m [[32m INFO[0;39m] [35m41011[0;39m [2m[           main ][0;39m [32morg.apache.catalina.core.ContainerBase.[Tomcat].[localhost].[/][0;39m:173 [2m:[0;39m Initializing Spring embedded WebApplicationContext
[2m2025-01-17 20:53:42.513[0;39m [[32mDEBUG[0;39m] [35m41011[0;39m [2m[           main ][0;39m [32mnet.mingsoft.basic.filter.XSSEscapeFilter[0;39m:126 [2m:[0;39m xss filter init
[2m2025-01-17 20:53:43.222[0;39m [[33m WARN[0;39m] [35m41011[0;39m [2m[           main ][0;39m [33mcom.baomidou.mybatisplus.core.injector.AbstractMethod[0;39m:414 [2m:[0;39m [net.mingsoft.cms.dao.ICategoryDao.delete] Has been loaded by XML or SqlProvider or Mybatis's Annotation, so ignoring this injection for [class com.baomidou.mybatisplus.core.injector.methods.Delete]
[2m2025-01-17 20:53:43.379[0;39m [[33m WARN[0;39m] [35m41011[0;39m [2m[           main ][0;39m [33mcom.baomidou.mybatisplus.core.injector.AbstractMethod[0;39m:414 [2m:[0;39m [net.mingsoft.cms.dao.IContentDao.delete] Has been loaded by XML or SqlProvider or Mybatis's Annotation, so ignoring this injection for [class com.baomidou.mybatisplus.core.injector.methods.Delete]
[2m2025-01-17 20:53:44.262[0;39m [[33m WARN[0;39m] [35m41011[0;39m [2m[           main ][0;39m [33mcom.baomidou.mybatisplus.core.injector.AbstractMethod[0;39m:414 [2m:[0;39m [net.mingsoft.mdiy.dao.IModelDao.delete] Has been loaded by XML or SqlProvider or Mybatis's Annotation, so ignoring this injection for [class com.baomidou.mybatisplus.core.injector.methods.Delete]
[2m2025-01-17 20:53:44.844[0;39m [[33m WARN[0;39m] [35m41011[0;39m [2m[           main ][0;39m [33mcom.baomidou.mybatisplus.core.injector.AbstractMethod[0;39m:414 [2m:[0;39m [net.mingsoft.mdiy.dao.ITagDao.delete] Has been loaded by XML or SqlProvider or Mybatis's Annotation, so ignoring this injection for [class com.baomidou.mybatisplus.core.injector.methods.Delete]
[2m2025-01-17 20:53:46.852[0;39m [[33m WARN[0;39m] [35m41011[0;39m [2m[           main ][0;39m [33mcom.baomidou.mybatisplus.core.injector.AbstractMethod[0;39m:414 [2m:[0;39m [net.mingsoft.basic.dao.ILogDao.delete] Has been loaded by XML or SqlProvider or Mybatis's Annotation, so ignoring this injection for [class com.baomidou.mybatisplus.core.injector.methods.Delete]
[2m2025-01-17 20:53:47.394[0;39m [[33m WARN[0;39m] [35m41011[0;39m [2m[           main ][0;39m [33mcom.baomidou.mybatisplus.core.injector.AbstractMethod[0;39m:414 [2m:[0;39m [net.mingsoft.basic.dao.IRoleDao.delete] Has been loaded by XML or SqlProvider or Mybatis's Annotation, so ignoring this injection for [class com.baomidou.mybatisplus.core.injector.methods.Delete]
[2m2025-01-17 20:53:47.993[0;39m [[33m WARN[0;39m] [35m41011[0;39m [2m[           main ][0;39m [33mcom.baomidou.mybatisplus.core.injector.AbstractMethod[0;39m:414 [2m:[0;39m [net.mingsoft.basic.dao.ICityDao.delete] Has been loaded by XML or SqlProvider or Mybatis's Annotation, so ignoring this injection for [class com.baomidou.mybatisplus.core.injector.methods.Delete]
[2m2025-01-17 20:53:49.042[0;39m [[33m WARN[0;39m] [35m41011[0;39m [2m[           main ][0;39m [33mcom.baomidou.mybatisplus.core.injector.AbstractMethod[0;39m:414 [2m:[0;39m [net.mingsoft.mdiy.dao.IPageDao.delete] Has been loaded by XML or SqlProvider or Mybatis's Annotation, so ignoring this injection for [class com.baomidou.mybatisplus.core.injector.methods.Delete]
[2m2025-01-17 20:53:50.072[0;39m [[33m WARN[0;39m] [35m41011[0;39m [2m[           main ][0;39m [33mcom.baomidou.mybatisplus.core.injector.AbstractMethod[0;39m:414 [2m:[0;39m [net.mingsoft.mdiy.dao.IDictDao.delete] Has been loaded by XML or SqlProvider or Mybatis's Annotation, so ignoring this injection for [class com.baomidou.mybatisplus.core.injector.methods.Delete]
[2m2025-01-17 20:53:54.870[0;39m [[32m INFO[0;39m] [35m41011[0;39m [2m[           main ][0;39m [32morg.quartz.impl.StdSchedulerFactory[0;39m:1220 [2m:[0;39m Using default implementation for ThreadExecutor
[2m2025-01-17 20:53:54.910[0;39m [[32m INFO[0;39m] [35m41011[0;39m [2m[           main ][0;39m [32morg.quartz.core.SchedulerSignalerImpl[0;39m:61 [2m:[0;39m Initialized Scheduler Signaller of type: class org.quartz.core.SchedulerSignalerImpl
[2m2025-01-17 20:53:54.911[0;39m [[32m INFO[0;39m] [35m41011[0;39m [2m[           main ][0;39m [32morg.quartz.core.QuartzScheduler[0;39m:229 [2m:[0;39m Quartz Scheduler v.2.3.2 created.
[2m2025-01-17 20:53:54.912[0;39m [[32m INFO[0;39m] [35m41011[0;39m [2m[           main ][0;39m [32morg.quartz.simpl.RAMJobStore[0;39m:155 [2m:[0;39m RAMJobStore initialized.
[2m2025-01-17 20:53:54.913[0;39m [[32m INFO[0;39m] [35m41011[0;39m [2m[           main ][0;39m [32morg.quartz.core.QuartzScheduler[0;39m:294 [2m:[0;39m Scheduler meta-data: Quartz Scheduler (v2.3.2) 'quartzScheduler' with instanceId 'NON_CLUSTERED'
  Scheduler class: 'org.quartz.core.QuartzScheduler' - running locally.
  NOT STARTED.
  Currently in standby mode.
  Number of jobs executed: 0
  Using thread pool 'org.quartz.simpl.SimpleThreadPool' - with 10 threads.
  Using job-store 'org.quartz.simpl.RAMJobStore' - which does not support persistence. and is not clustered.

[2m2025-01-17 20:53:54.914[0;39m [[32m INFO[0;39m] [35m41011[0;39m [2m[           main ][0;39m [32morg.quartz.impl.StdSchedulerFactory[0;39m:1374 [2m:[0;39m Quartz scheduler 'quartzScheduler' initialized from an externally provided properties instance.
[2m2025-01-17 20:53:54.914[0;39m [[32m INFO[0;39m] [35m41011[0;39m [2m[           main ][0;39m [32morg.quartz.impl.StdSchedulerFactory[0;39m:1378 [2m:[0;39m Quartz scheduler version: 2.3.2
[2m2025-01-17 20:53:54.915[0;39m [[32m INFO[0;39m] [35m41011[0;39m [2m[           main ][0;39m [32morg.quartz.core.QuartzScheduler[0;39m:2293 [2m:[0;39m JobFactory set to: org.springframework.scheduling.quartz.SpringBeanJobFactory@1edac3b4
[2m2025-01-17 20:53:55.309[0;39m [[32m INFO[0;39m] [35m41011[0;39m [2m[           main ][0;39m [32morg.apache.coyote.http11.Http11NioProtocol[0;39m:173 [2m:[0;39m Starting ProtocolHandler ["http-nio-8080"]
[2m2025-01-17 20:53:55.340[0;39m [[32m INFO[0;39m] [35m41011[0;39m [2m[           main ][0;39m [32morg.quartz.core.QuartzScheduler[0;39m:547 [2m:[0;39m Scheduler quartzScheduler_$_NON_CLUSTERED started.
[2m2025-01-17 20:53:55.380[0;39m [[32m INFO[0;39m] [35m41011[0;39m [2m[           main ][0;39m [32mnet.mingsoft.MSApplication[0;39m:61 [2m:[0;39m Started MSApplication in 24.696 seconds (JVM running for 27.389)
[2m2025-01-17 20:54:03.631[0;39m [[32m INFO[0;39m] [35m41011[0;39m [2m[nio-8080-exec-1 ][0;39m [32morg.apache.catalina.core.ContainerBase.[Tomcat].[localhost].[/][0;39m:173 [2m:[0;39m Initializing Spring DispatcherServlet 'dispatcherServlet'
[2m2025-01-17 20:54:03.709[0;39m [[32m INFO[0;39m] [35m41011[0;39m [2m[nio-8080-exec-1 ][0;39m [32morg.apache.shiro.session.mgt.AbstractValidatingSessionManager[0;39m:233 [2m:[0;39m Enabling session validation scheduler...
[2m2025-01-17 20:54:04.035[0;39m [[32mDEBUG[0;39m] [35m41011[0;39m [2m[nio-8080-exec-1 ][0;39m [32mnet.mingsoft.basic.dao.IAppDao.selectList[0;39m:137 [2m:[0;39m ==>  Preparing: SELECT id,app_state,app_name,app_description,app_logo,app_style,app_keyword,app_copyright,app_dir,app_url,app_datetime,app_pay_date,app_pay,create_by,create_date,del,update_by,update_date FROM app WHERE (app_url LIKE ?)
[2m2025-01-17 20:54:04.225[0;39m [[32mDEBUG[0;39m] [35m41011[0;39m [2m[nio-8080-exec-1 ][0;39m [32mnet.mingsoft.basic.dao.IAppDao.selectList[0;39m:137 [2m:[0;39m ==> Parameters: %localhost:8080%(String)
[2m2025-01-17 20:54:04.544[0;39m [[32mDEBUG[0;39m] [35m41011[0;39m [2m[nio-8080-exec-1 ][0;39m [32mnet.mingsoft.basic.dao.IAppDao.selectList[0;39m:137 [2m:[0;39m <==      Total: 1
[2m2025-01-17 20:54:04.557[0;39m [[32mDEBUG[0;39m] [35m41011[0;39m [2m[nio-8080-exec-1 ][0;39m [32mnet.mingsoft.basic.util.BasicUtil[0;39m:291 [2m:[0;39m server:localhost,basePath:http://localhost:8080/
[2m2025-01-17 20:54:09.846[0;39m [[32mDEBUG[0;39m] [35m41011[0;39m [2m[nio-8080-exec-3 ][0;39m [32mnet.mingsoft.basic.action.web.LoginAction[0;39m:100 [2m:[0;39m basic checkLogin
[2m2025-01-17 20:54:09.848[0;39m [[32mDEBUG[0;39m] [35m41011[0;39m [2m[nio-8080-exec-3 ][0;39m [32mnet.mingsoft.basic.action.web.LoginAction[0;39m:148 [2m:[0;39m session_code:1nhd requestCode:1nhd
[2m2025-01-17 20:54:09.865[0;39m [[32mDEBUG[0;39m] [35m41011[0;39m [2m[nio-8080-exec-3 ][0;39m [32mnet.mingsoft.basic.dao.IManagerDao.updateCache[0;39m:137 [2m:[0;39m ==>  Preparing: UPDATE manager set del=0 where 1=-1
[2m2025-01-17 20:54:09.888[0;39m [[32mDEBUG[0;39m] [35m41011[0;39m [2m[nio-8080-exec-3 ][0;39m [32mnet.mingsoft.basic.dao.IManagerDao.updateCache[0;39m:137 [2m:[0;39m ==> Parameters: 
[2m2025-01-17 20:54:09.894[0;39m [[32mDEBUG[0;39m] [35m41011[0;39m [2m[nio-8080-exec-3 ][0;39m [32mnet.mingsoft.basic.dao.IManagerDao.updateCache[0;39m:137 [2m:[0;39m <==    Updates: 0
[2m2025-01-17 20:54:09.904[0;39m [[32mDEBUG[0;39m] [35m41011[0;39m [2m[nio-8080-exec-3 ][0;39m [32mnet.mingsoft.basic.dao.IManagerDao[0;39m:60 [2m:[0;39m Cache Hit Ratio [net.mingsoft.basic.dao.IManagerDao]: 0.0
[2m2025-01-17 20:54:09.908[0;39m [[32mDEBUG[0;39m] [35m41011[0;39m [2m[nio-8080-exec-3 ][0;39m [32mnet.mingsoft.basic.dao.IManagerDao.getByEntity[0;39m:137 [2m:[0;39m ==>  Preparing: select * from manager WHERE MANAGER_NAME=?
[2m2025-01-17 20:54:09.911[0;39m [[32mDEBUG[0;39m] [35m41011[0;39m [2m[nio-8080-exec-3 ][0;39m [32mnet.mingsoft.basic.dao.IManagerDao.getByEntity[0;39m:137 [2m:[0;39m ==> Parameters: admin(String)
[2m2025-01-17 20:54:09.922[0;39m [[32mDEBUG[0;39m] [35m41011[0;39m [2m[nio-8080-exec-3 ][0;39m [32mnet.mingsoft.basic.dao.IManagerDao.getByEntity[0;39m:137 [2m:[0;39m <==      Total: 0
[2m2025-01-17 20:54:25.551[0;39m [[32mDEBUG[0;39m] [35m41011[0;39m [2m[nio-8080-exec-8 ][0;39m [32mnet.mingsoft.basic.action.web.LoginAction[0;39m:100 [2m:[0;39m basic checkLogin
[2m2025-01-17 20:54:25.553[0;39m [[32mDEBUG[0;39m] [35m41011[0;39m [2m[nio-8080-exec-8 ][0;39m [32mnet.mingsoft.basic.action.web.LoginAction[0;39m:148 [2m:[0;39m session_code:kok8 requestCode:kok8
[2m2025-01-17 20:54:25.557[0;39m [[32mDEBUG[0;39m] [35m41011[0;39m [2m[nio-8080-exec-8 ][0;39m [32mnet.mingsoft.basic.dao.IManagerDao.updateCache[0;39m:137 [2m:[0;39m ==>  Preparing: UPDATE manager set del=0 where 1=-1
[2m2025-01-17 20:54:25.560[0;39m [[32mDEBUG[0;39m] [35m41011[0;39m [2m[nio-8080-exec-8 ][0;39m [32mnet.mingsoft.basic.dao.IManagerDao.updateCache[0;39m:137 [2m:[0;39m ==> Parameters: 
[2m2025-01-17 20:54:25.563[0;39m [[32mDEBUG[0;39m] [35m41011[0;39m [2m[nio-8080-exec-8 ][0;39m [32mnet.mingsoft.basic.dao.IManagerDao.updateCache[0;39m:137 [2m:[0;39m <==    Updates: 0
[2m2025-01-17 20:54:25.567[0;39m [[32mDEBUG[0;39m] [35m41011[0;39m [2m[nio-8080-exec-8 ][0;39m [32mnet.mingsoft.basic.dao.IManagerDao[0;39m:60 [2m:[0;39m Cache Hit Ratio [net.mingsoft.basic.dao.IManagerDao]: 0.0
[2m2025-01-17 20:54:25.571[0;39m [[32mDEBUG[0;39m] [35m41011[0;39m [2m[nio-8080-exec-8 ][0;39m [32mnet.mingsoft.basic.dao.IManagerDao.getByEntity[0;39m:137 [2m:[0;39m ==>  Preparing: select * from manager WHERE MANAGER_NAME=?
[2m2025-01-17 20:54:25.573[0;39m [[32mDEBUG[0;39m] [35m41011[0;39m [2m[nio-8080-exec-8 ][0;39m [32mnet.mingsoft.basic.dao.IManagerDao.getByEntity[0;39m:137 [2m:[0;39m ==> Parameters: msopen(String)
[2m2025-01-17 20:54:25.578[0;39m [[32mDEBUG[0;39m] [35m41011[0;39m [2m[nio-8080-exec-8 ][0;39m [32mnet.mingsoft.basic.dao.IManagerDao.getByEntity[0;39m:137 [2m:[0;39m <==      Total: 1
[2m2025-01-17 20:54:25.607[0;39m [[33m WARN[0;39m] [35m41011[0;39m [2m[nio-8080-exec-8 ][0;39m [33morg.apache.ibatis.io.SerialFilterChecker[0;39m:45 [2m:[0;39m As you are using functionality that deserializes object streams, it is recommended to define the JEP-290 serial filter. Please refer to https://docs.oracle.com/pls/topic/lookup?ctx=javase15&id=GUID-8296D8E8-2B93-4B9A-856E-0A65AF9B8C66
[2m2025-01-17 20:54:25.610[0;39m [[32mDEBUG[0;39m] [35m41011[0;39m [2m[nio-8080-exec-8 ][0;39m [32mnet.mingsoft.basic.dao.IManagerDao[0;39m:60 [2m:[0;39m Cache Hit Ratio [net.mingsoft.basic.dao.IManagerDao]: 0.3333333333333333
[2m2025-01-17 20:54:26.290[0;39m [[32mDEBUG[0;39m] [35m41011[0;39m [2m[nio-8080-exec-5 ][0;39m [32mnet.mingsoft.basic.dao.IModelDao[0;39m:60 [2m:[0;39m Cache Hit Ratio [net.mingsoft.basic.dao.IModelDao]: 0.0
[2m2025-01-17 20:54:26.293[0;39m [[32mDEBUG[0;39m] [35m41011[0;39m [2m[nio-8080-exec-5 ][0;39m [32mnet.mingsoft.basic.dao.IModelDao.queryModelByRoleId[0;39m:137 [2m:[0;39m ==>  Preparing: select * from model where id in (select MODEL_ID from role_model where ROLE_ID=?) order by MODEL_SORT desc,id desc
[2m2025-01-17 20:54:26.305[0;39m [[32mDEBUG[0;39m] [35m41011[0;39m [2m[nio-8080-exec-5 ][0;39m [32mnet.mingsoft.basic.dao.IModelDao.queryModelByRoleId[0;39m:137 [2m:[0;39m ==> Parameters: 48(Integer)
[2m2025-01-17 20:54:26.427[0;39m [[32mDEBUG[0;39m] [35m41011[0;39m [2m[nio-8080-exec-5 ][0;39m [32mnet.mingsoft.basic.dao.IModelDao.queryModelByRoleId[0;39m:137 [2m:[0;39m <==      Total: 82
[2m2025-01-17 20:54:26.734[0;39m [[32mDEBUG[0;39m] [35m41011[0;39m [2m[nio-8080-exec-5 ][0;39m [32mnet.mingsoft.basic.util.BasicUtil[0;39m:291 [2m:[0;39m server:localhost,basePath:http://localhost:8080/
[2m2025-01-17 20:54:29.272[0;39m [[32mDEBUG[0;39m] [35m41011[0;39m [2m[nio-8080-exec-5 ][0;39m [32mnet.mingsoft.basic.dao.IManagerDao.selectById[0;39m:137 [2m:[0;39m ==>  Preparing: SELECT id,manager_name,MANAGER_NICKNAME,manager_password,manager_admin,role_ids,del,create_by,create_date,update_by,update_date FROM manager WHERE id=?
[2m2025-01-17 20:54:29.283[0;39m [[32mDEBUG[0;39m] [35m41011[0;39m [2m[nio-8080-exec-5 ][0;39m [32mnet.mingsoft.basic.dao.IManagerDao.selectById[0;39m:137 [2m:[0;39m ==> Parameters: 57(String)
[2m2025-01-17 20:54:29.331[0;39m [[32mDEBUG[0;39m] [35m41011[0;39m [2m[nio-8080-exec-8 ][0;39m [32mnet.mingsoft.basic.dao.IModelDao.selectList[0;39m:137 [2m:[0;39m ==>  Preparing: SELECT id,model_title,model_datetime,model_id,model_url,model_code,is_child,model_icon,model_sort,model_ismenu,model_parent_ids,create_by,create_date,del,update_by,update_date FROM model
[2m2025-01-17 20:54:29.334[0;39m [[32mDEBUG[0;39m] [35m41011[0;39m [2m[nio-8080-exec-8 ][0;39m [32mnet.mingsoft.basic.dao.IModelDao.selectList[0;39m:137 [2m:[0;39m ==> Parameters: 
[2m2025-01-17 20:54:29.336[0;39m [[32mDEBUG[0;39m] [35m41011[0;39m [2m[nio-8080-exec-5 ][0;39m [32mnet.mingsoft.basic.dao.IManagerDao.selectById[0;39m:137 [2m:[0;39m <==      Total: 1
[2m2025-01-17 20:54:29.340[0;39m [[32mDEBUG[0;39m] [35m41011[0;39m [2m[nio-8080-exec-2 ][0;39m [32mnet.mingsoft.basic.util.BasicUtil[0;39m:291 [2m:[0;39m server:localhost,basePath:http://localhost:8080/
[2m2025-01-17 20:54:29.500[0;39m [[32mDEBUG[0;39m] [35m41011[0;39m [2m[nio-8080-exec-8 ][0;39m [32mnet.mingsoft.basic.dao.IModelDao.selectList[0;39m:137 [2m:[0;39m <==      Total: 82
